[01:15:29] [Server thread/INFO]: Saving and pausing game...
[01:15:29] [Server thread/INFO]: Saving chunks for level 'ServerLevel[ayuda:(]'/minecraft:overworld
[01:15:29] [Server thread/INFO]: Saving chunks for level 'ServerLevel[ayuda:(]'/deeperdarker:otherside
[01:15:29] [Server thread/INFO]: Saving chunks for level 'ServerLevel[ayuda:(]'/voidz:void
[01:15:29] [Server thread/INFO]: Saving chunks for level 'ServerLevel[ayuda:(]'/minecraft:the_nether
[01:15:29] [Server thread/INFO]: Saving chunks for level 'ServerLevel[ayuda:(]'/uf_data:data
[01:15:29] [Server thread/INFO]: Saving chunks for level 'ServerLevel[ayuda:(]'/minecraft:the_end
[01:15:29] [Server thread/INFO]: Saving data for 10 chunks for dimension 'overworld' took 1 milliseconds
[01:15:35] [Server thread/INFO]: Saving data for 10 chunks for dimension 'overworld' took 2 milliseconds
[01:15:48] [Worker-Main-7/WARN]: Template pool fallback chain found: minecraft:ancient_city/walls/no_corners -> minecraft:ancient_city/walls_lock -> minecraft:ancient_city/walls_lock
[01:15:48] [Worker-Main-7/WARN]: Template pool fallback chain found: minecraft:ancient_city/walls/no_corners -> minecraft:ancient_city/walls_lock -> minecraft:ancient_city/walls_lock
[01:15:48] [Worker-Main-7/WARN]: Template pool fallback chain found: minecraft:ancient_city/walls/no_corners -> minecraft:ancient_city/walls_lock -> minecraft:ancient_city/walls_lock
[01:15:49] [Worker-Main-7/WARN]: Template pool fallback chain found: minecraft:ancient_city/walls -> minecraft:ancient_city/walls_lock -> minecraft:ancient_city/walls_lock
[01:15:49] [Worker-Main-7/WARN]: Template pool fallback chain found: minecraft:ancient_city/walls -> minecraft:ancient_city/walls_lock -> minecraft:ancient_city/walls_lock
[01:15:50] [Worker-Main-7/WARN]: Template pool fallback chain found: minecraft:ancient_city/walls -> minecraft:ancient_city/walls_lock -> minecraft:ancient_city/walls_lock
[01:15:50] [Worker-Main-7/WARN]: Template pool fallback chain found: minecraft:ancient_city/walls -> minecraft:ancient_city/walls_lock -> minecraft:ancient_city/walls_lock
[01:15:50] [Worker-Main-7/WARN]: Template pool fallback chain found: minecraft:ancient_city/walls -> minecraft:ancient_city/walls_lock -> minecraft:ancient_city/walls_lock
[01:15:50] [Worker-Main-7/WARN]: Template pool fallback chain found: minecraft:ancient_city/walls/no_corners -> minecraft:ancient_city/walls_lock -> minecraft:ancient_city/walls_lock
[01:15:50] [Worker-Main-7/WARN]: Template pool fallback chain found: minecraft:ancient_city/walls -> minecraft:ancient_city/walls_lock -> minecraft:ancient_city/walls_lock
[01:15:50] [Worker-Main-7/WARN]: Template pool fallback chain found: minecraft:ancient_city/walls -> minecraft:ancient_city/walls_lock -> minecraft:ancient_city/walls_lock
[01:15:50] [Worker-Main-7/WARN]: Template pool fallback chain found: minecraft:ancient_city/walls -> minecraft:ancient_city/walls_lock -> minecraft:ancient_city/walls_lock
[01:15:50] [Worker-Main-7/WARN]: Template pool fallback chain found: minecraft:ancient_city/walls -> minecraft:ancient_city/walls_lock -> minecraft:ancient_city/walls_lock
[01:15:50] [Worker-Main-7/WARN]: Template pool fallback chain found: minecraft:ancient_city/walls/no_corners -> minecraft:ancient_city/walls_lock -> minecraft:ancient_city/walls_lock
[01:15:50] [Worker-Main-7/WARN]: Template pool fallback chain found: minecraft:ancient_city/walls -> minecraft:ancient_city/walls_lock -> minecraft:ancient_city/walls_lock
[01:15:50] [Worker-Main-7/WARN]: Template pool fallback chain found: minecraft:ancient_city/walls/no_corners -> minecraft:ancient_city/walls_lock -> minecraft:ancient_city/walls_lock
[01:15:50] [Worker-Main-7/WARN]: Template pool fallback chain found: minecraft:ancient_city/walls -> minecraft:ancient_city/walls_lock -> minecraft:ancient_city/walls_lock
[01:15:50] [Worker-Main-7/WARN]: Template pool fallback chain found: minecraft:ancient_city/walls -> minecraft:ancient_city/walls_lock -> minecraft:ancient_city/walls_lock
[01:15:50] [Worker-Main-7/WARN]: Template pool fallback chain found: minecraft:ancient_city/walls -> minecraft:ancient_city/walls_lock -> minecraft:ancient_city/walls_lock
[01:15:50] [Worker-Main-7/WARN]: Template pool fallback chain found: minecraft:ancient_city/walls -> minecraft:ancient_city/walls_lock -> minecraft:ancient_city/walls_lock
[01:15:50] [Worker-Main-7/WARN]: Template pool fallback chain found: minecraft:ancient_city/walls -> minecraft:ancient_city/walls_lock -> minecraft:ancient_city/walls_lock
[01:15:50] [Worker-Main-7/WARN]: Template pool fallback chain found: minecraft:ancient_city/walls/no_corners -> minecraft:ancient_city/walls_lock -> minecraft:ancient_city/walls_lock
[01:15:50] [Worker-Main-7/WARN]: Template pool fallback chain found: minecraft:ancient_city/walls -> minecraft:ancient_city/walls_lock -> minecraft:ancient_city/walls_lock
[01:15:50] [Worker-Main-7/WARN]: Template pool fallback chain found: minecraft:ancient_city/walls -> minecraft:ancient_city/walls_lock -> minecraft:ancient_city/walls_lock

[01:16:41] [ModernFix integrated server watchdog/ERROR]: A single server tick has taken 40001, more than 40000 milliseconds
[01:16:42] [ModernFix integrated server watchdog/ERROR]: Thread Dump:
"Render thread" prio=10 Id=1 RUNNABLE
	at knot//org.lwjgl.system.JNI.invokeV(Native Method)
	at knot//org.lwjgl.glfw.GLFW.glfwWaitEventsTimeout(GLFW.java:3509)
	at knot//com.mojang.blaze3d.systems.RenderSystem.limitDisplayFPS(RenderSystem.java:184)
	at knot//net.minecraft.class_310.method_1523(class_310.java:1310)
	at knot//net.minecraft.class_310.method_1514(class_310.java:882)
	at knot//net.minecraft.client.main.Main.main(Main.java:256)
	at java.base@21.0.6/java.lang.invoke.LambdaForm$DMH/0x00000269a234c800.invokeStaticInit(LambdaForm$DMH)
	at java.base@21.0.6/java.lang.invoke.LambdaForm$MH/0x00000269a2254800.invokeExact_MT(LambdaForm$MH)
	at app//net.fabricmc.loader.impl.game.minecraft.MinecraftGameProvider.launch(MinecraftGameProvider.java:480)
	at app//net.fabricmc.loader.impl.launch.knot.Knot.launch(Knot.java:74)
	at app//net.fabricmc.loader.impl.launch.knot.KnotClient.main(KnotClient.java:23)
	at java.base@21.0.6/java.lang.invoke.LambdaForm$DMH/0x00000269a2004400.invokeStatic(LambdaForm$DMH)
	at java.base@21.0.6/java.lang.invoke.LambdaForm$MH/0x00000269a2005400.invoke(LambdaForm$MH)
	at java.base@21.0.6/java.lang.invoke.Invokers$Holder.invokeExact_MT(Invokers$Holder)
	at java.base@21.0.6/jdk.internal.reflect.DirectMethodHandleAccessor.invokeImpl(DirectMethodHandleAccessor.java:154)
	at java.base@21.0.6/jdk.internal.reflect.DirectMethodHandleAccessor.invoke(DirectMethodHandleAccessor.java:103)
	at java.base@21.0.6/java.lang.reflect.Method.invoke(Method.java:580)
	at app//org.polymc.impl.OneSixLauncher.invokeMain(OneSixLauncher.java:104)
	at app//org.polymc.impl.OneSixLauncher.launchWithMainClass(OneSixLauncher.java:176)
	at app//org.polymc.impl.OneSixLauncher.launch(OneSixLauncher.java:186)
	at app//org.polymc.EntryPoint.listen(EntryPoint.java:144)
	at app//org.polymc.EntryPoint.main(EntryPoint.java:74)

"Reference Handler" daemon prio=10 Id=9 RUNNABLE
	at java.base@21.0.6/java.lang.ref.Reference.waitForReferencePendingList(Native Method)
	at java.base@21.0.6/java.lang.ref.Reference.processPendingReferences(Reference.java:246)
	at java.base@21.0.6/java.lang.ref.Reference$ReferenceHandler.run(Reference.java:208)


"Finalizer" daemon prio=8 Id=10 WAITING on java.lang.ref.NativeReferenceQueue$Lock@64583b20
	at java.base@21.0.6/java.lang.Object.wait0(Native Method)
	-  waiting on java.lang.ref.NativeReferenceQueue$Lock@64583b20
	at java.base@21.0.6/java.lang.Object.wait(Object.java:366)
	at java.base@21.0.6/java.lang.Object.wait(Object.java:339)
	at java.base@21.0.6/java.lang.ref.NativeReferenceQueue.await(NativeReferenceQueue.java:48)
	at java.base@21.0.6/java.lang.ref.ReferenceQueue.remove0(ReferenceQueue.java:158)
	at java.base@21.0.6/java.lang.ref.NativeReferenceQueue.remove(NativeReferenceQueue.java:89)
	at java.base@21.0.6/java.lang.ref.Finalizer$FinalizerThread.run(Finalizer.java:173)


"Signal Dispatcher" daemon prio=9 Id=11 RUNNABLE


"Attach Listener" daemon prio=5 Id=12 RUNNABLE


"Notification Thread" daemon prio=9 Id=19 RUNNABLE


"Common-Cleaner" daemon prio=8 Id=20 TIMED_WAITING on java.util.concurrent.locks.AbstractQueuedSynchronizer$ConditionObject@5997e786
	at java.base@21.0.6/jdk.internal.misc.Unsafe.park(Native Method)
	-  waiting on java.util.concurrent.locks.AbstractQueuedSynchronizer$ConditionObject@5997e786
	at java.base@21.0.6/java.util.concurrent.locks.LockSupport.parkNanos(LockSupport.java:269)
	at java.base@21.0.6/java.util.concurrent.locks.AbstractQueuedSynchronizer$ConditionObject.await(AbstractQueuedSynchronizer.java:1852)
	at java.base@21.0.6/java.lang.ref.ReferenceQueue.await(ReferenceQueue.java:71)
	at java.base@21.0.6/java.lang.ref.ReferenceQueue.remove0(ReferenceQueue.java:143)
	at java.base@21.0.6/java.lang.ref.ReferenceQueue.remove(ReferenceQueue.java:218)
	at java.base@21.0.6/jdk.internal.ref.CleanerImpl.run(CleanerImpl.java:140)
	at java.base@21.0.6/java.lang.Thread.runWith(Thread.java:1596)
	at java.base@21.0.6/java.lang.Thread.run(Thread.java:1583)
	at java.base@21.0.6/jdk.internal.misc.InnocuousThread.run(InnocuousThread.java:186)

"FileSystemWatchService" daemon prio=5 Id=49 RUNNABLE (in native)
	at java.base@21.0.6/sun.nio.fs.WindowsNativeDispatcher.GetQueuedCompletionStatus0(Native Method)
	at java.base@21.0.6/sun.nio.fs.WindowsNativeDispatcher.GetQueuedCompletionStatus(WindowsNativeDispatcher.java:1075)
	at java.base@21.0.6/sun.nio.fs.WindowsWatchService$Poller.run(WindowsWatchService.java:587)
	at java.base@21.0.6/java.lang.Thread.runWith(Thread.java:1596)
	at java.base@21.0.6/java.lang.Thread.run(Thread.java:1583)


"JNA Cleaner" daemon prio=5 Id=50 TIMED_WAITING on java.util.concurrent.locks.AbstractQueuedSynchronizer$ConditionObject@55f6f846
	at java.base@21.0.6/jdk.internal.misc.Unsafe.park(Native Method)
	-  waiting on java.util.concurrent.locks.AbstractQueuedSynchronizer$ConditionObject@55f6f846
	at java.base@21.0.6/java.util.concurrent.locks.LockSupport.parkNanos(LockSupport.java:269)
	at java.base@21.0.6/java.util.concurrent.locks.AbstractQueuedSynchronizer$ConditionObject.await(AbstractQueuedSynchronizer.java:1852)
	at java.base@21.0.6/java.lang.ref.ReferenceQueue.await(ReferenceQueue.java:71)
	at java.base@21.0.6/java.lang.ref.ReferenceQueue.remove0(ReferenceQueue.java:143)
	at java.base@21.0.6/java.lang.ref.ReferenceQueue.remove(ReferenceQueue.java:218)
	at knot//com.sun.jna.internal.Cleaner$CleanerThread.run(Cleaner.java:154)


"Thread-1" daemon prio=5 Id=51 RUNNABLE (in native)
	at java.base@21.0.6/sun.nio.ch.Iocp.getQueuedCompletionStatus(Native Method)
	at java.base@21.0.6/sun.nio.ch.Iocp$EventHandlerTask.run(Iocp.java:323)
	at java.base@21.0.6/java.lang.Thread.runWith(Thread.java:1596)
	at java.base@21.0.6/java.lang.Thread.run(Thread.java:1583)


"Thread-2" daemon prio=5 Id=52 RUNNABLE (in native)
	at java.base@21.0.6/sun.nio.ch.Iocp.getQueuedCompletionStatus(Native Method)
	at java.base@21.0.6/sun.nio.ch.Iocp$EventHandlerTask.run(Iocp.java:323)
	at java.base@21.0.6/sun.nio.ch.AsynchronousChannelGroupImpl$1.run(AsynchronousChannelGroupImpl.java:113)
	at java.base@21.0.6/java.util.concurrent.ThreadPoolExecutor.runWorker(ThreadPoolExecutor.java:1144)
	at java.base@21.0.6/java.util.concurrent.ThreadPoolExecutor$Worker.run(ThreadPoolExecutor.java:642)
	at java.base@21.0.6/java.lang.Thread.runWith(Thread.java:1596)
	at java.base@21.0.6/java.lang.Thread.run(Thread.java:1583)

	Number of locked synchronizers = 1
	- java.util.concurrent.ThreadPoolExecutor$Worker@174e5929


"Thread-3" daemon prio=5 Id=53 RUNNABLE (in native)
	at java.base@21.0.6/sun.nio.ch.Iocp.getQueuedCompletionStatus(Native Method)
	at java.base@21.0.6/sun.nio.ch.Iocp$EventHandlerTask.run(Iocp.java:323)
	at java.base@21.0.6/sun.nio.ch.AsynchronousChannelGroupImpl$1.run(AsynchronousChannelGroupImpl.java:113)
	at java.base@21.0.6/java.util.concurrent.ThreadPoolExecutor.runWorker(ThreadPoolExecutor.java:1144)
	at java.base@21.0.6/java.util.concurrent.ThreadPoolExecutor$Worker.run(ThreadPoolExecutor.java:642)
	at java.base@21.0.6/java.lang.Thread.runWith(Thread.java:1596)
	at java.base@21.0.6/java.lang.Thread.run(Thread.java:1583)

	Number of locked synchronizers = 1
	- java.util.concurrent.ThreadPoolExecutor$Worker@7569bc9f


"Thread-4" daemon prio=5 Id=54 RUNNABLE (in native)
	at java.base@21.0.6/sun.nio.ch.Iocp.getQueuedCompletionStatus(Native Method)
	at java.base@21.0.6/sun.nio.ch.Iocp$EventHandlerTask.run(Iocp.java:323)
	at java.base@21.0.6/sun.nio.ch.AsynchronousChannelGroupImpl$1.run(AsynchronousChannelGroupImpl.java:113)
	at java.base@21.0.6/java.util.concurrent.ThreadPoolExecutor.runWorker(ThreadPoolExecutor.java:1144)
	at java.base@21.0.6/java.util.concurrent.ThreadPoolExecutor$Worker.run(ThreadPoolExecutor.java:642)
	at java.base@21.0.6/java.lang.Thread.runWith(Thread.java:1596)
	at java.base@21.0.6/java.lang.Thread.run(Thread.java:1583)

	Number of locked synchronizers = 1
	- java.util.concurrent.ThreadPoolExecutor$Worker@62b8dd6a


"Thread-5" daemon prio=5 Id=55 RUNNABLE (in native)
	at java.base@21.0.6/sun.nio.ch.Iocp.getQueuedCompletionStatus(Native Method)
	at java.base@21.0.6/sun.nio.ch.Iocp$EventHandlerTask.run(Iocp.java:323)
	at java.base@21.0.6/sun.nio.ch.AsynchronousChannelGroupImpl$1.run(AsynchronousChannelGroupImpl.java:113)
	at java.base@21.0.6/java.util.concurrent.ThreadPoolExecutor.runWorker(ThreadPoolExecutor.java:1144)
	at java.base@21.0.6/java.util.concurrent.ThreadPoolExecutor$Worker.run(ThreadPoolExecutor.java:642)
	at java.base@21.0.6/java.lang.Thread.runWith(Thread.java:1596)
	at java.base@21.0.6/java.lang.Thread.run(Thread.java:1583)

	Number of locked synchronizers = 1
	- java.util.concurrent.ThreadPoolExecutor$Worker@758e6acd


"Thread-6" daemon prio=5 Id=56 RUNNABLE (in native)
	at java.base@21.0.6/sun.nio.ch.Iocp.getQueuedCompletionStatus(Native Method)
	at java.base@21.0.6/sun.nio.ch.Iocp$EventHandlerTask.run(Iocp.java:323)
	at java.base@21.0.6/sun.nio.ch.AsynchronousChannelGroupImpl$1.run(AsynchronousChannelGroupImpl.java:113)
	at java.base@21.0.6/java.util.concurrent.ThreadPoolExecutor.runWorker(ThreadPoolExecutor.java:1144)
	at java.base@21.0.6/java.util.concurrent.ThreadPoolExecutor$Worker.run(ThreadPoolExecutor.java:642)
	at java.base@21.0.6/java.lang.Thread.runWith(Thread.java:1596)
	at java.base@21.0.6/java.lang.Thread.run(Thread.java:1583)

	Number of locked synchronizers = 1
	- java.util.concurrent.ThreadPoolExecutor$Worker@10ecf244


"Thread-7" daemon prio=5 Id=57 RUNNABLE (in native)
	at java.base@21.0.6/sun.nio.ch.Iocp.getQueuedCompletionStatus(Native Method)
	at java.base@21.0.6/sun.nio.ch.Iocp$EventHandlerTask.run(Iocp.java:323)
	at java.base@21.0.6/sun.nio.ch.AsynchronousChannelGroupImpl$1.run(AsynchronousChannelGroupImpl.java:113)
	at java.base@21.0.6/java.util.concurrent.ThreadPoolExecutor.runWorker(ThreadPoolExecutor.java:1144)
	at java.base@21.0.6/java.util.concurrent.ThreadPoolExecutor$Worker.run(ThreadPoolExecutor.java:642)
	at java.base@21.0.6/java.lang.Thread.runWith(Thread.java:1596)
	at java.base@21.0.6/java.lang.Thread.run(Thread.java:1583)

	Number of locked synchronizers = 1
	- java.util.concurrent.ThreadPoolExecutor$Worker@28592982


"Thread-8" daemon prio=5 Id=58 RUNNABLE (in native)
	at java.base@21.0.6/sun.nio.ch.Iocp.getQueuedCompletionStatus(Native Method)
	at java.base@21.0.6/sun.nio.ch.Iocp$EventHandlerTask.run(Iocp.java:323)
	at java.base@21.0.6/sun.nio.ch.AsynchronousChannelGroupImpl$1.run(AsynchronousChannelGroupImpl.java:113)
	at java.base@21.0.6/java.util.concurrent.ThreadPoolExecutor.runWorker(ThreadPoolExecutor.java:1144)
	at java.base@21.0.6/java.util.concurrent.ThreadPoolExecutor$Worker.run(ThreadPoolExecutor.java:642)
	at java.base@21.0.6/java.lang.Thread.runWith(Thread.java:1596)
	at java.base@21.0.6/java.lang.Thread.run(Thread.java:1583)

	Number of locked synchronizers = 1
	- java.util.concurrent.ThreadPoolExecutor$Worker@caee26e


"Thread-9" daemon prio=5 Id=59 RUNNABLE (in native)
	at java.base@21.0.6/sun.nio.ch.Iocp.getQueuedCompletionStatus(Native Method)
	at java.base@21.0.6/sun.nio.ch.Iocp$EventHandlerTask.run(Iocp.java:323)
	at java.base@21.0.6/sun.nio.ch.AsynchronousChannelGroupImpl$1.run(AsynchronousChannelGroupImpl.java:113)
	at java.base@21.0.6/java.util.concurrent.ThreadPoolExecutor.runWorker(ThreadPoolExecutor.java:1144)
	at java.base@21.0.6/java.util.concurrent.ThreadPoolExecutor$Worker.run(ThreadPoolExecutor.java:642)
	at java.base@21.0.6/java.lang.Thread.runWith(Thread.java:1596)
	at java.base@21.0.6/java.lang.Thread.run(Thread.java:1583)

	Number of locked synchronizers = 1
	- java.util.concurrent.ThreadPoolExecutor$Worker@a703934


"Thread-10" daemon prio=5 Id=60 RUNNABLE (in native)
	at java.base@21.0.6/sun.nio.ch.Iocp.getQueuedCompletionStatus(Native Method)
	at java.base@21.0.6/sun.nio.ch.Iocp$EventHandlerTask.run(Iocp.java:323)
	at java.base@21.0.6/sun.nio.ch.AsynchronousChannelGroupImpl$1.run(AsynchronousChannelGroupImpl.java:113)
	at java.base@21.0.6/java.util.concurrent.ThreadPoolExecutor.runWorker(ThreadPoolExecutor.java:1144)
	at java.base@21.0.6/java.util.concurrent.ThreadPoolExecutor$Worker.run(ThreadPoolExecutor.java:642)
	at java.base@21.0.6/java.lang.Thread.runWith(Thread.java:1596)
	at java.base@21.0.6/java.lang.Thread.run(Thread.java:1583)

	Number of locked synchronizers = 1
	- java.util.concurrent.ThreadPoolExecutor$Worker@7df994ec


"Thread-11" daemon prio=5 Id=61 RUNNABLE (in native)
	at java.base@21.0.6/sun.nio.ch.Iocp.getQueuedCompletionStatus(Native Method)
	at java.base@21.0.6/sun.nio.ch.Iocp$EventHandlerTask.run(Iocp.java:323)
	at java.base@21.0.6/sun.nio.ch.AsynchronousChannelGroupImpl$1.run(AsynchronousChannelGroupImpl.java:113)
	at java.base@21.0.6/java.util.concurrent.ThreadPoolExecutor.runWorker(ThreadPoolExecutor.java:1144)
	at java.base@21.0.6/java.util.concurrent.ThreadPoolExecutor$Worker.run(ThreadPoolExecutor.java:642)
	at java.base@21.0.6/java.lang.Thread.runWith(Thread.java:1596)
	at java.base@21.0.6/java.lang.Thread.run(Thread.java:1583)

	Number of locked synchronizers = 1
	- java.util.concurrent.ThreadPoolExecutor$Worker@1c8da7e8


"Thread-12" daemon prio=5 Id=62 RUNNABLE (in native)
	at java.base@21.0.6/sun.nio.ch.Iocp.getQueuedCompletionStatus(Native Method)
	at java.base@21.0.6/sun.nio.ch.Iocp$EventHandlerTask.run(Iocp.java:323)
	at java.base@21.0.6/sun.nio.ch.AsynchronousChannelGroupImpl$1.run(AsynchronousChannelGroupImpl.java:113)
	at java.base@21.0.6/java.util.concurrent.ThreadPoolExecutor.runWorker(ThreadPoolExecutor.java:1144)
	at java.base@21.0.6/java.util.concurrent.ThreadPoolExecutor$Worker.run(ThreadPoolExecutor.java:642)
	at java.base@21.0.6/java.lang.Thread.runWith(Thread.java:1596)
	at java.base@21.0.6/java.lang.Thread.run(Thread.java:1583)

	Number of locked synchronizers = 1
	- java.util.concurrent.ThreadPoolExecutor$Worker@674b9b85


"Thread-13" daemon prio=5 Id=63 RUNNABLE (in native)
	at java.base@21.0.6/sun.nio.ch.Iocp.getQueuedCompletionStatus(Native Method)
	at java.base@21.0.6/sun.nio.ch.Iocp$EventHandlerTask.run(Iocp.java:323)
	at java.base@21.0.6/sun.nio.ch.AsynchronousChannelGroupImpl$1.run(AsynchronousChannelGroupImpl.java:113)
	at java.base@21.0.6/java.util.concurrent.ThreadPoolExecutor.runWorker(ThreadPoolExecutor.java:1144)
	at java.base@21.0.6/java.util.concurrent.ThreadPoolExecutor$Worker.run(ThreadPoolExecutor.java:642)
	at java.base@21.0.6/java.lang.Thread.runWith(Thread.java:1596)
	at java.base@21.0.6/java.lang.Thread.run(Thread.java:1583)

	Number of locked synchronizers = 1
	- java.util.concurrent.ThreadPoolExecutor$Worker@6c79a7c1


"Timer hack thread" daemon prio=5 Id=77 TIMED_WAITING
	at java.base@21.0.6/java.lang.Thread.sleep0(Native Method)
	at java.base@21.0.6/java.lang.Thread.sleep(Thread.java:509)
	at knot//net.minecraft.class_156$9.run(class_156.java:913)


"Yggdrasil Key Fetcher" daemon prio=5 Id=79 TIMED_WAITING on java.util.concurrent.locks.AbstractQueuedSynchronizer$ConditionObject@21d37a4e
	at java.base@21.0.6/jdk.internal.misc.Unsafe.park(Native Method)
	-  waiting on java.util.concurrent.locks.AbstractQueuedSynchronizer$ConditionObject@21d37a4e
	at java.base@21.0.6/java.util.concurrent.locks.LockSupport.parkNanos(LockSupport.java:269)
	at java.base@21.0.6/java.util.concurrent.locks.AbstractQueuedSynchronizer$ConditionObject.awaitNanos(AbstractQueuedSynchronizer.java:1763)
	at java.base@21.0.6/java.util.concurrent.ScheduledThreadPoolExecutor$DelayedWorkQueue.take(ScheduledThreadPoolExecutor.java:1182)
	at java.base@21.0.6/java.util.concurrent.ScheduledThreadPoolExecutor$DelayedWorkQueue.take(ScheduledThreadPoolExecutor.java:899)
	at java.base@21.0.6/java.util.concurrent.ThreadPoolExecutor.getTask(ThreadPoolExecutor.java:1070)
	at java.base@21.0.6/java.util.concurrent.ThreadPoolExecutor.runWorker(ThreadPoolExecutor.java:1130)
	at java.base@21.0.6/java.util.concurrent.ThreadPoolExecutor$Worker.run(ThreadPoolExecutor.java:642)
	at java.base@21.0.6/java.lang.Thread.runWith(Thread.java:1596)
	at java.base@21.0.6/java.lang.Thread.run(Thread.java:1583)

"FileSystemWatchService" daemon prio=5 Id=89 RUNNABLE (in native)
	at java.base@21.0.6/sun.nio.fs.WindowsNativeDispatcher.GetQueuedCompletionStatus0(Native Method)
	at java.base@21.0.6/sun.nio.fs.WindowsNativeDispatcher.GetQueuedCompletionStatus(WindowsNativeDispatcher.java:1075)
	at java.base@21.0.6/sun.nio.fs.WindowsWatchService$Poller.run(WindowsWatchService.java:587)
	at java.base@21.0.6/java.lang.Thread.runWith(Thread.java:1596)
	at java.base@21.0.6/java.lang.Thread.run(Thread.java:1583)


"config-file-watcher-0-0" daemon prio=5 Id=90 TIMED_WAITING on java.util.concurrent.locks.AbstractQueuedSynchronizer$ConditionObject@477c46f
	at java.base@21.0.6/jdk.internal.misc.Unsafe.park(Native Method)
	-  waiting on java.util.concurrent.locks.AbstractQueuedSynchronizer$ConditionObject@477c46f
	at java.base@21.0.6/java.util.concurrent.locks.LockSupport.parkNanos(LockSupport.java:269)
	at java.base@21.0.6/java.util.concurrent.locks.AbstractQueuedSynchronizer$ConditionObject.awaitNanos(AbstractQueuedSynchronizer.java:1763)
	at java.base@21.0.6/java.util.concurrent.LinkedBlockingDeque.pollFirst(LinkedBlockingDeque.java:515)
	at java.base@21.0.6/java.util.concurrent.LinkedBlockingDeque.poll(LinkedBlockingDeque.java:677)
	at java.base@21.0.6/sun.nio.fs.AbstractWatchService.poll(AbstractWatchService.java:108)
	at knot//com.electronwill.nightconfig.core.file.FileWatcher$FsWatcher.run(FileWatcher.java:530)
	at java.base@21.0.6/java.lang.Thread.runWith(Thread.java:1596)
	at java.base@21.0.6/java.lang.Thread.run(Thread.java:1583)

"ForkJoinPool.commonPool-worker-1" daemon prio=5 Id=91 TIMED_WAITING on java.util.concurrent.ForkJoinPool@62bab8b0
	at java.base@21.0.6/jdk.internal.misc.Unsafe.park(Native Method)
	-  waiting on java.util.concurrent.ForkJoinPool@62bab8b0
	at java.base@21.0.6/java.util.concurrent.locks.LockSupport.parkUntil(LockSupport.java:449)
	at java.base@21.0.6/java.util.concurrent.ForkJoinPool.awaitWork(ForkJoinPool.java:1891)
	at java.base@21.0.6/java.util.concurrent.ForkJoinPool.runWorker(ForkJoinPool.java:1809)
	at java.base@21.0.6/java.util.concurrent.ForkJoinWorkerThread.run(ForkJoinWorkerThread.java:188)


"pool-7-thread-1" prio=5 Id=92 TIMED_WAITING on java.util.concurrent.locks.AbstractQueuedSynchronizer$ConditionObject@6c4869
	at java.base@21.0.6/jdk.internal.misc.Unsafe.park(Native Method)
	-  waiting on java.util.concurrent.locks.AbstractQueuedSynchronizer$ConditionObject@6c4869
	at java.base@21.0.6/java.util.concurrent.locks.LockSupport.parkNanos(LockSupport.java:269)
	at java.base@21.0.6/java.util.concurrent.locks.AbstractQueuedSynchronizer$ConditionObject.awaitNanos(AbstractQueuedSynchronizer.java:1763)
	at java.base@21.0.6/java.util.concurrent.ScheduledThreadPoolExecutor$DelayedWorkQueue.take(ScheduledThreadPoolExecutor.java:1182)
	at java.base@21.0.6/java.util.concurrent.ScheduledThreadPoolExecutor$DelayedWorkQueue.take(ScheduledThreadPoolExecutor.java:899)
	at java.base@21.0.6/java.util.concurrent.ThreadPoolExecutor.getTask(ThreadPoolExecutor.java:1070)
	at java.base@21.0.6/java.util.concurrent.ThreadPoolExecutor.runWorker(ThreadPoolExecutor.java:1130)
	at java.base@21.0.6/java.util.concurrent.ThreadPoolExecutor$Worker.run(ThreadPoolExecutor.java:642)
	at java.base@21.0.6/java.lang.Thread.runWith(Thread.java:1596)
	at java.base@21.0.6/java.lang.Thread.run(Thread.java:1583)

"pool-8-thread-1" prio=5 Id=93 TIMED_WAITING on java.util.concurrent.locks.AbstractQueuedSynchronizer$ConditionObject@3ad75320
	at java.base@21.0.6/jdk.internal.misc.Unsafe.park(Native Method)
	-  waiting on java.util.concurrent.locks.AbstractQueuedSynchronizer$ConditionObject@3ad75320
	at java.base@21.0.6/java.util.concurrent.locks.LockSupport.parkNanos(LockSupport.java:269)
	at java.base@21.0.6/java.util.concurrent.locks.AbstractQueuedSynchronizer$ConditionObject.awaitNanos(AbstractQueuedSynchronizer.java:1763)
	at java.base@21.0.6/java.util.concurrent.ScheduledThreadPoolExecutor$DelayedWorkQueue.take(ScheduledThreadPoolExecutor.java:1182)
	at java.base@21.0.6/java.util.concurrent.ScheduledThreadPoolExecutor$DelayedWorkQueue.take(ScheduledThreadPoolExecutor.java:899)
	at java.base@21.0.6/java.util.concurrent.ThreadPoolExecutor.getTask(ThreadPoolExecutor.java:1070)
	at java.base@21.0.6/java.util.concurrent.ThreadPoolExecutor.runWorker(ThreadPoolExecutor.java:1130)
	at java.base@21.0.6/java.util.concurrent.ThreadPoolExecutor$Worker.run(ThreadPoolExecutor.java:642)
	at java.base@21.0.6/java.lang.Thread.runWith(Thread.java:1596)
	at java.base@21.0.6/java.lang.Thread.run(Thread.java:1583)

"ConfigSaver" daemon prio=5 Id=95 WAITING on java.util.concurrent.locks.AbstractQueuedSynchronizer$ConditionObject@39bca9
	at java.base@21.0.6/jdk.internal.misc.Unsafe.park(Native Method)
	-  waiting on java.util.concurrent.locks.AbstractQueuedSynchronizer$ConditionObject@39bca9
	at java.base@21.0.6/java.util.concurrent.locks.LockSupport.park(LockSupport.java:371)
	at java.base@21.0.6/java.util.concurrent.locks.AbstractQueuedSynchronizer$ConditionNode.block(AbstractQueuedSynchronizer.java:519)
	at java.base@21.0.6/java.util.concurrent.ForkJoinPool.unmanagedBlock(ForkJoinPool.java:3780)
	at java.base@21.0.6/java.util.concurrent.ForkJoinPool.managedBlock(ForkJoinPool.java:3725)
	at java.base@21.0.6/java.util.concurrent.locks.AbstractQueuedSynchronizer$ConditionObject.await(AbstractQueuedSynchronizer.java:1712)
	at java.base@21.0.6/java.util.concurrent.LinkedBlockingQueue.take(LinkedBlockingQueue.java:435)
	at java.base@21.0.6/java.util.concurrent.ThreadPoolExecutor.getTask(ThreadPoolExecutor.java:1070)
	at java.base@21.0.6/java.util.concurrent.ThreadPoolExecutor.runWorker(ThreadPoolExecutor.java:1130)
	at java.base@21.0.6/java.util.concurrent.ThreadPoolExecutor$Worker.run(ThreadPoolExecutor.java:642)
	at java.base@21.0.6/java.lang.Thread.runWith(Thread.java:1596)
	at java.base@21.0.6/java.lang.Thread.run(Thread.java:1583)

"FileSystemWatchService" daemon prio=5 Id=100 RUNNABLE (in native)
	at java.base@21.0.6/sun.nio.fs.WindowsNativeDispatcher.GetQueuedCompletionStatus0(Native Method)
	at java.base@21.0.6/sun.nio.fs.WindowsNativeDispatcher.GetQueuedCompletionStatus(WindowsNativeDispatcher.java:1075)
	at java.base@21.0.6/sun.nio.fs.WindowsWatchService$Poller.run(WindowsWatchService.java:587)
	at java.base@21.0.6/java.lang.Thread.runWith(Thread.java:1596)
	at java.base@21.0.6/java.lang.Thread.run(Thread.java:1583)


"Configurate-WatchService-0" daemon prio=5 Id=101 WAITING on java.util.concurrent.locks.AbstractQueuedSynchronizer$ConditionObject@37f1eb26
	at java.base@21.0.6/jdk.internal.misc.Unsafe.park(Native Method)
	-  waiting on java.util.concurrent.locks.AbstractQueuedSynchronizer$ConditionObject@37f1eb26
	at java.base@21.0.6/java.util.concurrent.locks.LockSupport.park(LockSupport.java:371)
	at java.base@21.0.6/java.util.concurrent.locks.AbstractQueuedSynchronizer$ConditionNode.block(AbstractQueuedSynchronizer.java:519)
	at java.base@21.0.6/java.util.concurrent.ForkJoinPool.unmanagedBlock(ForkJoinPool.java:3780)
	at java.base@21.0.6/java.util.concurrent.ForkJoinPool.managedBlock(ForkJoinPool.java:3725)
	at java.base@21.0.6/java.util.concurrent.locks.AbstractQueuedSynchronizer$ConditionObject.await(AbstractQueuedSynchronizer.java:1712)
	at java.base@21.0.6/java.util.concurrent.LinkedBlockingDeque.takeFirst(LinkedBlockingDeque.java:485)
	at java.base@21.0.6/java.util.concurrent.LinkedBlockingDeque.take(LinkedBlockingDeque.java:673)
	at java.base@21.0.6/sun.nio.fs.AbstractWatchService.take(AbstractWatchService.java:118)
	at knot//org.spongepowered.configurate.reference.WatchServiceListener.lambda$new$0(WatchServiceListener.java:106)
	at knot//org.spongepowered.configurate.reference.WatchServiceListener$$Lambda/0x00000269a3cf73f0.run(Unknown Source)
	at java.base@21.0.6/java.lang.Thread.runWith(Thread.java:1596)
	at java.base@21.0.6/java.lang.Thread.run(Thread.java:1583)

"ForkJoinPool.commonPool-worker-2" daemon prio=5 Id=107 WAITING on java.util.concurrent.ForkJoinPool@62bab8b0
	at java.base@21.0.6/jdk.internal.misc.Unsafe.park(Native Method)
	-  waiting on java.util.concurrent.ForkJoinPool@62bab8b0
	at java.base@21.0.6/java.util.concurrent.locks.LockSupport.park(LockSupport.java:371)
	at java.base@21.0.6/java.util.concurrent.ForkJoinPool.awaitWork(ForkJoinPool.java:1893)
	at java.base@21.0.6/java.util.concurrent.ForkJoinPool.runWorker(ForkJoinPool.java:1809)
	at java.base@21.0.6/java.util.concurrent.ForkJoinWorkerThread.run(ForkJoinWorkerThread.java:188)


"FileSystemWatchService" daemon prio=5 Id=111 RUNNABLE (in native)
	at java.base@21.0.6/sun.nio.fs.WindowsNativeDispatcher.GetQueuedCompletionStatus0(Native Method)
	at java.base@21.0.6/sun.nio.fs.WindowsNativeDispatcher.GetQueuedCompletionStatus(WindowsNativeDispatcher.java:1075)
	at java.base@21.0.6/sun.nio.fs.WindowsWatchService$Poller.run(WindowsWatchService.java:587)
	at java.base@21.0.6/java.lang.Thread.runWith(Thread.java:1596)
	at java.base@21.0.6/java.lang.Thread.run(Thread.java:1583)


"JEI Config File Watcher" daemon prio=5 Id=110 TIMED_WAITING on java.util.concurrent.locks.AbstractQueuedSynchronizer$ConditionObject@553cc2b1
	at java.base@21.0.6/jdk.internal.misc.Unsafe.park(Native Method)
	-  waiting on java.util.concurrent.locks.AbstractQueuedSynchronizer$ConditionObject@553cc2b1
	at java.base@21.0.6/java.util.concurrent.locks.LockSupport.parkNanos(LockSupport.java:269)
	at java.base@21.0.6/java.util.concurrent.locks.AbstractQueuedSynchronizer$ConditionObject.awaitNanos(AbstractQueuedSynchronizer.java:1763)
	at java.base@21.0.6/java.util.concurrent.LinkedBlockingDeque.pollFirst(LinkedBlockingDeque.java:515)
	at java.base@21.0.6/java.util.concurrent.LinkedBlockingDeque.poll(LinkedBlockingDeque.java:677)
	at java.base@21.0.6/sun.nio.fs.AbstractWatchService.poll(AbstractWatchService.java:108)
	at knot//mezz.jei.common.config.file.FileWatcherThread.runIteration(FileWatcherThread.java:96)
	at knot//mezz.jei.common.config.file.FileWatcherThread.run(FileWatcherThread.java:75)


"Java2D Disposer" daemon prio=10 Id=113 WAITING on java.util.concurrent.locks.AbstractQueuedSynchronizer$ConditionObject@55f2c565
	at java.base@21.0.6/jdk.internal.misc.Unsafe.park(Native Method)
	-  waiting on java.util.concurrent.locks.AbstractQueuedSynchronizer$ConditionObject@55f2c565
	at java.base@21.0.6/java.util.concurrent.locks.LockSupport.park(LockSupport.java:371)
	at java.base@21.0.6/java.util.concurrent.locks.AbstractQueuedSynchronizer$ConditionNode.block(AbstractQueuedSynchronizer.java:519)
	at java.base@21.0.6/java.util.concurrent.ForkJoinPool.unmanagedBlock(ForkJoinPool.java:3780)
	at java.base@21.0.6/java.util.concurrent.ForkJoinPool.managedBlock(ForkJoinPool.java:3725)
	at java.base@21.0.6/java.util.concurrent.locks.AbstractQueuedSynchronizer$ConditionObject.await(AbstractQueuedSynchronizer.java:1712)
	at java.base@21.0.6/java.lang.ref.ReferenceQueue.await(ReferenceQueue.java:67)
	at java.base@21.0.6/java.lang.ref.ReferenceQueue.remove0(ReferenceQueue.java:158)
	at java.base@21.0.6/java.lang.ref.ReferenceQueue.remove(ReferenceQueue.java:234)
	at java.desktop@21.0.6/sun.java2d.Disposer.run(Disposer.java:145)
	at java.base@21.0.6/java.lang.Thread.runWith(Thread.java:1596)
	at java.base@21.0.6/java.lang.Thread.run(Thread.java:1583)

"AWT-Windows" daemon prio=6 Id=115 RUNNABLE (in native)
	at java.desktop@21.0.6/sun.awt.windows.WToolkit.eventLoop(Native Method)
	at java.desktop@21.0.6/sun.awt.windows.WToolkit.run(WToolkit.java:360)
	at java.base@21.0.6/java.lang.Thread.runWith(Thread.java:1596)
	at java.base@21.0.6/java.lang.Thread.run(Thread.java:1583)


"Cleaner-0" daemon prio=8 Id=117 TIMED_WAITING on java.util.concurrent.locks.AbstractQueuedSynchronizer$ConditionObject@1863e786
	at java.base@21.0.6/jdk.internal.misc.Unsafe.park(Native Method)
	-  waiting on java.util.concurrent.locks.AbstractQueuedSynchronizer$ConditionObject@1863e786
	at java.base@21.0.6/java.util.concurrent.locks.LockSupport.parkNanos(LockSupport.java:269)
	at java.base@21.0.6/java.util.concurrent.locks.AbstractQueuedSynchronizer$ConditionObject.await(AbstractQueuedSynchronizer.java:1852)
	at java.base@21.0.6/java.lang.ref.ReferenceQueue.await(ReferenceQueue.java:71)
	at java.base@21.0.6/java.lang.ref.ReferenceQueue.remove0(ReferenceQueue.java:143)
	at java.base@21.0.6/java.lang.ref.ReferenceQueue.remove(ReferenceQueue.java:218)
	at java.base@21.0.6/jdk.internal.ref.CleanerImpl.run(CleanerImpl.java:140)
	at java.base@21.0.6/java.lang.Thread.runWith(Thread.java:1596)
	at java.base@21.0.6/java.lang.Thread.run(Thread.java:1583)
	at java.base@21.0.6/jdk.internal.misc.InnocuousThread.run(InnocuousThread.java:186)

"spark-monitoring-thread" daemon prio=5 Id=119 TIMED_WAITING on java.util.concurrent.locks.AbstractQueuedSynchronizer$ConditionObject@20739777
	at java.base@21.0.6/jdk.internal.misc.Unsafe.park(Native Method)
	-  waiting on java.util.concurrent.locks.AbstractQueuedSynchronizer$ConditionObject@20739777
	at java.base@21.0.6/java.util.concurrent.locks.LockSupport.parkNanos(LockSupport.java:269)
	at java.base@21.0.6/java.util.concurrent.locks.AbstractQueuedSynchronizer$ConditionObject.awaitNanos(AbstractQueuedSynchronizer.java:1763)
	at java.base@21.0.6/java.util.concurrent.ScheduledThreadPoolExecutor$DelayedWorkQueue.take(ScheduledThreadPoolExecutor.java:1182)
	at java.base@21.0.6/java.util.concurrent.ScheduledThreadPoolExecutor$DelayedWorkQueue.take(ScheduledThreadPoolExecutor.java:899)
	at java.base@21.0.6/java.util.concurrent.ThreadPoolExecutor.getTask(ThreadPoolExecutor.java:1070)
	at java.base@21.0.6/java.util.concurrent.ThreadPoolExecutor.runWorker(ThreadPoolExecutor.java:1130)
	at java.base@21.0.6/java.util.concurrent.ThreadPoolExecutor$Worker.run(ThreadPoolExecutor.java:642)
	at java.base@21.0.6/java.lang.Thread.runWith(Thread.java:1596)
	at java.base@21.0.6/java.lang.Thread.run(Thread.java:1583)

"spark-worker-pool-1-thread-1" daemon prio=5 Id=120 WAITING on java.util.concurrent.locks.AbstractQueuedSynchronizer$ConditionObject@1369e082
	at java.base@21.0.6/jdk.internal.misc.Unsafe.park(Native Method)
	-  waiting on java.util.concurrent.locks.AbstractQueuedSynchronizer$ConditionObject@1369e082
	at java.base@21.0.6/java.util.concurrent.locks.LockSupport.park(LockSupport.java:371)
	at java.base@21.0.6/java.util.concurrent.locks.AbstractQueuedSynchronizer$ConditionNode.block(AbstractQueuedSynchronizer.java:519)
	at java.base@21.0.6/java.util.concurrent.ForkJoinPool.unmanagedBlock(ForkJoinPool.java:3780)
	at java.base@21.0.6/java.util.concurrent.ForkJoinPool.managedBlock(ForkJoinPool.java:3725)
	at java.base@21.0.6/java.util.concurrent.locks.AbstractQueuedSynchronizer$ConditionObject.await(AbstractQueuedSynchronizer.java:1712)
	at java.base@21.0.6/java.util.concurrent.ScheduledThreadPoolExecutor$DelayedWorkQueue.take(ScheduledThreadPoolExecutor.java:1170)
	at java.base@21.0.6/java.util.concurrent.ScheduledThreadPoolExecutor$DelayedWorkQueue.take(ScheduledThreadPoolExecutor.java:899)
	at java.base@21.0.6/java.util.concurrent.ThreadPoolExecutor.getTask(ThreadPoolExecutor.java:1070)
	at java.base@21.0.6/java.util.concurrent.ThreadPoolExecutor.runWorker(ThreadPoolExecutor.java:1130)
	at java.base@21.0.6/java.util.concurrent.ThreadPoolExecutor$Worker.run(ThreadPoolExecutor.java:642)
	at java.base@21.0.6/java.lang.Thread.runWith(Thread.java:1596)
	at java.base@21.0.6/java.lang.Thread.run(Thread.java:1583)

"tcdcommons:cachedresourcemanager/maid" daemon prio=5 Id=121 TIMED_WAITING on java.util.concurrent.locks.AbstractQueuedSynchronizer$ConditionObject@5073c667
	at java.base@21.0.6/jdk.internal.misc.Unsafe.park(Native Method)
	-  waiting on java.util.concurrent.locks.AbstractQueuedSynchronizer$ConditionObject@5073c667
	at java.base@21.0.6/java.util.concurrent.locks.LockSupport.parkNanos(LockSupport.java:269)
	at java.base@21.0.6/java.util.concurrent.locks.AbstractQueuedSynchronizer$ConditionObject.awaitNanos(AbstractQueuedSynchronizer.java:1763)
	at java.base@21.0.6/java.util.concurrent.ScheduledThreadPoolExecutor$DelayedWorkQueue.poll(ScheduledThreadPoolExecutor.java:1218)
	at java.base@21.0.6/java.util.concurrent.ScheduledThreadPoolExecutor$DelayedWorkQueue.poll(ScheduledThreadPoolExecutor.java:899)
	at java.base@21.0.6/java.util.concurrent.ThreadPoolExecutor.getTask(ThreadPoolExecutor.java:1069)
	at java.base@21.0.6/java.util.concurrent.ThreadPoolExecutor.runWorker(ThreadPoolExecutor.java:1130)
	at java.base@21.0.6/java.util.concurrent.ThreadPoolExecutor$Worker.run(ThreadPoolExecutor.java:642)
	at java.base@21.0.6/java.lang.Thread.runWith(Thread.java:1596)
	at java.base@21.0.6/java.lang.Thread.run(Thread.java:1583)

"Thread-20" prio=5 Id=122 TIMED_WAITING
	at java.base@21.0.6/java.lang.Thread.sleep0(Native Method)
	at java.base@21.0.6/java.lang.Thread.sleep(Thread.java:509)
	at knot//xaero.map.MapProcessor.redirect$kcd000$xaeroplus$decreaseThreadSleepTime(MapProcessor.java:2010)
	at knot//xaero.map.MapProcessor.run(MapProcessor.java:351)
	at knot//xaero.map.MapRunner.run(MapRunner.java:18)
	at java.base@21.0.6/java.lang.Thread.runWith(Thread.java:1596)
	at java.base@21.0.6/java.lang.Thread.run(Thread.java:1583)


"UI thread" prio=5 Id=126 WAITING
	at java.base@21.0.6/jdk.internal.misc.Unsafe.park(Native Method)
	at java.base@21.0.6/java.util.concurrent.locks.LockSupport.park(LockSupport.java:371)
	at knot//icyllis.modernui.core.MessageQueue.next(MessageQueue.java:171)
	at knot//icyllis.modernui.core.Looper.poll(Looper.java:136)
	at knot//icyllis.modernui.core.Looper.loop(Looper.java:202)
	at knot//icyllis.modernui.mc.UIManager.run(UIManager.java:238)
	at knot//icyllis.modernui.mc.UIManager$$Lambda/0x00000269a43de428.run(Unknown Source)
	at java.base@21.0.6/java.lang.Thread.runWith(Thread.java:1596)
	at java.base@21.0.6/java.lang.Thread.run(Thread.java:1583)

"Audio-Thread" daemon prio=5 Id=127 TIMED_WAITING on java.util.concurrent.locks.AbstractQueuedSynchronizer$ConditionObject@572b4438
	at java.base@21.0.6/jdk.internal.misc.Unsafe.park(Native Method)
	-  waiting on java.util.concurrent.locks.AbstractQueuedSynchronizer$ConditionObject@572b4438
	at java.base@21.0.6/java.util.concurrent.locks.LockSupport.parkNanos(LockSupport.java:269)
	at java.base@21.0.6/java.util.concurrent.locks.AbstractQueuedSynchronizer$ConditionObject.awaitNanos(AbstractQueuedSynchronizer.java:1763)
	at java.base@21.0.6/java.util.concurrent.ScheduledThreadPoolExecutor$DelayedWorkQueue.take(ScheduledThreadPoolExecutor.java:1182)
	at java.base@21.0.6/java.util.concurrent.ScheduledThreadPoolExecutor$DelayedWorkQueue.take(ScheduledThreadPoolExecutor.java:899)
	at java.base@21.0.6/java.util.concurrent.ThreadPoolExecutor.getTask(ThreadPoolExecutor.java:1070)
	at java.base@21.0.6/java.util.concurrent.ThreadPoolExecutor.runWorker(ThreadPoolExecutor.java:1130)
	at java.base@21.0.6/java.util.concurrent.ThreadPoolExecutor$Worker.run(ThreadPoolExecutor.java:642)
	at java.base@21.0.6/java.lang.Thread.runWith(Thread.java:1596)
	at java.base@21.0.6/java.lang.Thread.run(Thread.java:1583)

"Worker-Main-1" daemon prio=1 Id=128 WAITING on java.util.concurrent.ForkJoinPool@6bdfa985
	at java.base@21.0.6/jdk.internal.misc.Unsafe.park(Native Method)
	-  waiting on java.util.concurrent.ForkJoinPool@6bdfa985
	at java.base@21.0.6/java.util.concurrent.locks.LockSupport.park(LockSupport.java:371)
	at java.base@21.0.6/java.util.concurrent.ForkJoinPool.awaitWork(ForkJoinPool.java:1893)
	at java.base@21.0.6/java.util.concurrent.ForkJoinPool.runWorker(ForkJoinPool.java:1809)
	at java.base@21.0.6/java.util.concurrent.ForkJoinWorkerThread.run(ForkJoinWorkerThread.java:188)


"Worker-Main-2" daemon prio=1 Id=129 WAITING on java.util.concurrent.ForkJoinPool@6bdfa985
	at java.base@21.0.6/jdk.internal.misc.Unsafe.park(Native Method)
	-  waiting on java.util.concurrent.ForkJoinPool@6bdfa985
	at java.base@21.0.6/java.util.concurrent.locks.LockSupport.park(LockSupport.java:371)
	at java.base@21.0.6/java.util.concurrent.ForkJoinPool.awaitWork(ForkJoinPool.java:1893)
	at java.base@21.0.6/java.util.concurrent.ForkJoinPool.runWorker(ForkJoinPool.java:1809)
	at java.base@21.0.6/java.util.concurrent.ForkJoinWorkerThread.run(ForkJoinWorkerThread.java:188)


"Worker-Main-3" daemon prio=1 Id=130 WAITING on java.util.concurrent.ForkJoinPool@6bdfa985
	at java.base@21.0.6/jdk.internal.misc.Unsafe.park(Native Method)
	-  waiting on java.util.concurrent.ForkJoinPool@6bdfa985
	at java.base@21.0.6/java.util.concurrent.locks.LockSupport.park(LockSupport.java:371)
	at java.base@21.0.6/java.util.concurrent.ForkJoinPool.awaitWork(ForkJoinPool.java:1893)
	at java.base@21.0.6/java.util.concurrent.ForkJoinPool.runWorker(ForkJoinPool.java:1809)
	at java.base@21.0.6/java.util.concurrent.ForkJoinWorkerThread.run(ForkJoinWorkerThread.java:188)


"Worker-Main-4" daemon prio=1 Id=131 WAITING on java.util.concurrent.ForkJoinPool@6bdfa985
	at java.base@21.0.6/jdk.internal.misc.Unsafe.park(Native Method)
	-  waiting on java.util.concurrent.ForkJoinPool@6bdfa985
	at java.base@21.0.6/java.util.concurrent.locks.LockSupport.park(LockSupport.java:371)
	at java.base@21.0.6/java.util.concurrent.ForkJoinPool.awaitWork(ForkJoinPool.java:1893)
	at java.base@21.0.6/java.util.concurrent.ForkJoinPool.runWorker(ForkJoinPool.java:1809)
	at java.base@21.0.6/java.util.concurrent.ForkJoinWorkerThread.run(ForkJoinWorkerThread.java:188)


"Worker-Main-5" daemon prio=1 Id=132 TIMED_WAITING on java.util.concurrent.ForkJoinPool@6bdfa985
	at java.base@21.0.6/jdk.internal.misc.Unsafe.park(Native Method)
	-  waiting on java.util.concurrent.ForkJoinPool@6bdfa985
	at java.base@21.0.6/java.util.concurrent.locks.LockSupport.parkUntil(LockSupport.java:449)
	at java.base@21.0.6/java.util.concurrent.ForkJoinPool.awaitWork(ForkJoinPool.java:1891)
	at java.base@21.0.6/java.util.concurrent.ForkJoinPool.runWorker(ForkJoinPool.java:1809)
	at java.base@21.0.6/java.util.concurrent.ForkJoinWorkerThread.run(ForkJoinWorkerThread.java:188)


"Worker-Main-6" daemon prio=1 Id=134 WAITING on java.util.concurrent.ForkJoinPool@6bdfa985
	at java.base@21.0.6/jdk.internal.misc.Unsafe.park(Native Method)
	-  waiting on java.util.concurrent.ForkJoinPool@6bdfa985
	at java.base@21.0.6/java.util.concurrent.locks.LockSupport.park(LockSupport.java:371)
	at java.base@21.0.6/java.util.concurrent.ForkJoinPool.awaitWork(ForkJoinPool.java:1893)
	at java.base@21.0.6/java.util.concurrent.ForkJoinPool.runWorker(ForkJoinPool.java:1809)
	at java.base@21.0.6/java.util.concurrent.ForkJoinWorkerThread.run(ForkJoinWorkerThread.java:188)


"Worker-Main-7" daemon prio=1 Id=135 WAITING on java.util.concurrent.ForkJoinPool@6bdfa985
	at java.base@21.0.6/jdk.internal.misc.Unsafe.park(Native Method)
	-  waiting on java.util.concurrent.ForkJoinPool@6bdfa985
	at java.base@21.0.6/java.util.concurrent.locks.LockSupport.park(LockSupport.java:371)
	at java.base@21.0.6/java.util.concurrent.ForkJoinPool.awaitWork(ForkJoinPool.java:1893)
	at java.base@21.0.6/java.util.concurrent.ForkJoinPool.runWorker(ForkJoinPool.java:1809)
	at java.base@21.0.6/java.util.concurrent.ForkJoinWorkerThread.run(ForkJoinWorkerThread.java:188)


"Worker-Main-8" daemon prio=1 Id=136 WAITING on java.util.concurrent.ForkJoinPool@6bdfa985
	at java.base@21.0.6/jdk.internal.misc.Unsafe.park(Native Method)
	-  waiting on java.util.concurrent.ForkJoinPool@6bdfa985
	at java.base@21.0.6/java.util.concurrent.locks.LockSupport.park(LockSupport.java:371)
	at java.base@21.0.6/java.util.concurrent.ForkJoinPool.awaitWork(ForkJoinPool.java:1893)
	at java.base@21.0.6/java.util.concurrent.ForkJoinPool.runWorker(ForkJoinPool.java:1809)
	at java.base@21.0.6/java.util.concurrent.ForkJoinWorkerThread.run(ForkJoinWorkerThread.java:188)


"Worker-Main-9" daemon prio=1 Id=137 WAITING on java.util.concurrent.ForkJoinPool@6bdfa985
	at java.base@21.0.6/jdk.internal.misc.Unsafe.park(Native Method)
	-  waiting on java.util.concurrent.ForkJoinPool@6bdfa985
	at java.base@21.0.6/java.util.concurrent.locks.LockSupport.park(LockSupport.java:371)
	at java.base@21.0.6/java.util.concurrent.ForkJoinPool.awaitWork(ForkJoinPool.java:1893)
	at java.base@21.0.6/java.util.concurrent.ForkJoinPool.runWorker(ForkJoinPool.java:1809)
	at java.base@21.0.6/java.util.concurrent.ForkJoinWorkerThread.run(ForkJoinWorkerThread.java:188)


"Worker-Main-10" daemon prio=1 Id=138 WAITING on java.util.concurrent.ForkJoinPool@6bdfa985
	at java.base@21.0.6/jdk.internal.misc.Unsafe.park(Native Method)
	-  waiting on java.util.concurrent.ForkJoinPool@6bdfa985
	at java.base@21.0.6/java.util.concurrent.locks.LockSupport.park(LockSupport.java:371)
	at java.base@21.0.6/java.util.concurrent.ForkJoinPool.awaitWork(ForkJoinPool.java:1893)
	at java.base@21.0.6/java.util.concurrent.ForkJoinPool.runWorker(ForkJoinPool.java:1809)
	at java.base@21.0.6/java.util.concurrent.ForkJoinWorkerThread.run(ForkJoinWorkerThread.java:188)


"Worker-ResourceReload-2" daemon prio=5 Id=141 TIMED_WAITING on java.util.concurrent.ForkJoinPool@376e398c
	at java.base@21.0.6/jdk.internal.misc.Unsafe.park(Native Method)
	-  waiting on java.util.concurrent.ForkJoinPool@376e398c
	at java.base@21.0.6/java.util.concurrent.locks.LockSupport.parkUntil(LockSupport.java:449)
	at java.base@21.0.6/java.util.concurrent.ForkJoinPool.awaitWork(ForkJoinPool.java:1891)
	at java.base@21.0.6/java.util.concurrent.ForkJoinPool.runWorker(ForkJoinPool.java:1809)
	at java.base@21.0.6/java.util.concurrent.ForkJoinWorkerThread.run(ForkJoinWorkerThread.java:188)


"Worker-ResourceReload-6" daemon prio=5 Id=145 WAITING on java.util.concurrent.ForkJoinPool@376e398c
	at java.base@21.0.6/jdk.internal.misc.Unsafe.park(Native Method)
	-  waiting on java.util.concurrent.ForkJoinPool@376e398c
	at java.base@21.0.6/java.util.concurrent.locks.LockSupport.park(LockSupport.java:371)
	at java.base@21.0.6/java.util.concurrent.ForkJoinPool.awaitWork(ForkJoinPool.java:1893)
	at java.base@21.0.6/java.util.concurrent.ForkJoinPool.runWorker(ForkJoinPool.java:1809)
	at java.base@21.0.6/java.util.concurrent.ForkJoinWorkerThread.run(ForkJoinWorkerThread.java:188)


"Worker-ResourceReload-8" daemon prio=5 Id=147 WAITING on java.util.concurrent.ForkJoinPool@376e398c
	at java.base@21.0.6/jdk.internal.misc.Unsafe.park(Native Method)
	-  waiting on java.util.concurrent.ForkJoinPool@376e398c
	at java.base@21.0.6/java.util.concurrent.locks.LockSupport.park(LockSupport.java:371)
	at java.base@21.0.6/java.util.concurrent.ForkJoinPool.awaitWork(ForkJoinPool.java:1893)
	at java.base@21.0.6/java.util.concurrent.ForkJoinPool.runWorker(ForkJoinPool.java:1809)
	at java.base@21.0.6/java.util.concurrent.ForkJoinWorkerThread.run(ForkJoinWorkerThread.java:188)


"Worker-ResourceReload-10" daemon prio=5 Id=149 WAITING on java.util.concurrent.ForkJoinPool@376e398c
	at java.base@21.0.6/jdk.internal.misc.Unsafe.park(Native Method)
	-  waiting on java.util.concurrent.ForkJoinPool@376e398c
	at java.base@21.0.6/java.util.concurrent.locks.LockSupport.park(LockSupport.java:371)
	at java.base@21.0.6/java.util.concurrent.ForkJoinPool.awaitWork(ForkJoinPool.java:1893)
	at java.base@21.0.6/java.util.concurrent.ForkJoinPool.runWorker(ForkJoinPool.java:1809)
	at java.base@21.0.6/java.util.concurrent.ForkJoinWorkerThread.run(ForkJoinWorkerThread.java:188)


"ForkJoinPool.commonPool-worker-3" daemon prio=5 Id=150 WAITING on java.util.concurrent.ForkJoinPool@62bab8b0
	at java.base@21.0.6/jdk.internal.misc.Unsafe.park(Native Method)
	-  waiting on java.util.concurrent.ForkJoinPool@62bab8b0
	at java.base@21.0.6/java.util.concurrent.locks.LockSupport.park(LockSupport.java:371)
	at java.base@21.0.6/java.util.concurrent.ForkJoinPool.awaitWork(ForkJoinPool.java:1893)
	at java.base@21.0.6/java.util.concurrent.ForkJoinPool.runWorker(ForkJoinPool.java:1809)
	at java.base@21.0.6/java.util.concurrent.ForkJoinWorkerThread.run(ForkJoinWorkerThread.java:188)


"Thread-23" prio=5 Id=153 TIMED_WAITING
	at java.base@21.0.6/java.lang.Thread.sleep0(Native Method)
	at java.base@21.0.6/java.lang.Thread.sleep(Thread.java:509)
	at knot//de.keksuccino.fancymenu.customization.server.ServerCache.lambda$init$0(ServerCache.java:33)
	at knot//de.keksuccino.fancymenu.customization.server.ServerCache$$Lambda/0x00000269a4671270.run(Unknown Source)
	at java.base@21.0.6/java.lang.Thread.runWith(Thread.java:1596)
	at java.base@21.0.6/java.lang.Thread.run(Thread.java:1583)


"Thread-24" prio=5 Id=154 TIMED_WAITING
	at java.base@21.0.6/java.lang.Thread.sleep0(Native Method)
	at java.base@21.0.6/java.lang.Thread.sleep(Thread.java:509)
	at knot//de.keksuccino.konkrete.sound.SoundHandler.lambda$init$0(SoundHandler.java:58)
	at knot//de.keksuccino.konkrete.sound.SoundHandler$$Lambda/0x00000269a4673620.run(Unknown Source)
	at java.base@21.0.6/java.lang.Thread.runWith(Thread.java:1596)
	at java.base@21.0.6/java.lang.Thread.run(Thread.java:1583)


"CompletableFutureDelayScheduler" daemon prio=5 Id=159 TIMED_WAITING on java.util.concurrent.locks.AbstractQueuedSynchronizer$ConditionObject@79e091f8
	at java.base@21.0.6/jdk.internal.misc.Unsafe.park(Native Method)
	-  waiting on java.util.concurrent.locks.AbstractQueuedSynchronizer$ConditionObject@79e091f8
	at java.base@21.0.6/java.util.concurrent.locks.LockSupport.parkNanos(LockSupport.java:269)
	at java.base@21.0.6/java.util.concurrent.locks.AbstractQueuedSynchronizer$ConditionObject.awaitNanos(AbstractQueuedSynchronizer.java:1763)
	at java.base@21.0.6/java.util.concurrent.ScheduledThreadPoolExecutor$DelayedWorkQueue.take(ScheduledThreadPoolExecutor.java:1182)
	at java.base@21.0.6/java.util.concurrent.ScheduledThreadPoolExecutor$DelayedWorkQueue.take(ScheduledThreadPoolExecutor.java:899)
	at java.base@21.0.6/java.util.concurrent.ThreadPoolExecutor.getTask(ThreadPoolExecutor.java:1070)
	at java.base@21.0.6/java.util.concurrent.ThreadPoolExecutor.runWorker(ThreadPoolExecutor.java:1130)
	at java.base@21.0.6/java.util.concurrent.ThreadPoolExecutor$Worker.run(ThreadPoolExecutor.java:642)
	at java.base@21.0.6/java.lang.Thread.runWith(Thread.java:1596)
	at java.base@21.0.6/java.lang.Thread.run(Thread.java:1583)

"CullThread" prio=5 Id=105 TIMED_WAITING
	at java.base@21.0.6/java.lang.Thread.sleep0(Native Method)
	at java.base@21.0.6/java.lang.Thread.sleep(Thread.java:509)
	at knot//dev.tr7zw.entityculling.CullTask.run(CullTask.java:55)
	at java.base@21.0.6/java.lang.Thread.runWith(Thread.java:1596)
	at java.base@21.0.6/java.lang.Thread.run(Thread.java:1583)


"Worker-Main-11" daemon prio=1 Id=160 WAITING on java.util.concurrent.ForkJoinPool@6bdfa985
	at java.base@21.0.6/jdk.internal.misc.Unsafe.park(Native Method)
	-  waiting on java.util.concurrent.ForkJoinPool@6bdfa985
	at java.base@21.0.6/java.util.concurrent.locks.LockSupport.park(LockSupport.java:371)
	at java.base@21.0.6/java.util.concurrent.ForkJoinPool.awaitWork(ForkJoinPool.java:1893)
	at java.base@21.0.6/java.util.concurrent.ForkJoinPool.runWorker(ForkJoinPool.java:1809)
	at java.base@21.0.6/java.util.concurrent.ForkJoinWorkerThread.run(ForkJoinWorkerThread.java:188)


"tcdcommons:task_scheduler" daemon prio=5 Id=179 TIMED_WAITING on java.util.concurrent.locks.AbstractQueuedSynchronizer$ConditionObject@74e71078
	at java.base@21.0.6/jdk.internal.misc.Unsafe.park(Native Method)
	-  waiting on java.util.concurrent.locks.AbstractQueuedSynchronizer$ConditionObject@74e71078
	at java.base@21.0.6/java.util.concurrent.locks.LockSupport.parkNanos(LockSupport.java:269)
	at java.base@21.0.6/java.util.concurrent.locks.AbstractQueuedSynchronizer$ConditionObject.awaitNanos(AbstractQueuedSynchronizer.java:1763)
	at java.base@21.0.6/java.util.concurrent.ScheduledThreadPoolExecutor$DelayedWorkQueue.take(ScheduledThreadPoolExecutor.java:1182)
	at java.base@21.0.6/java.util.concurrent.ScheduledThreadPoolExecutor$DelayedWorkQueue.take(ScheduledThreadPoolExecutor.java:899)
	at java.base@21.0.6/java.util.concurrent.ThreadPoolExecutor.getTask(ThreadPoolExecutor.java:1070)
	at java.base@21.0.6/java.util.concurrent.ThreadPoolExecutor.runWorker(ThreadPoolExecutor.java:1130)
	at java.base@21.0.6/java.util.concurrent.ThreadPoolExecutor$Worker.run(ThreadPoolExecutor.java:642)
	at java.base@21.0.6/java.lang.Thread.runWith(Thread.java:1596)
	at java.base@21.0.6/java.lang.Thread.run(Thread.java:1583)

"Server thread" prio=5 Id=181 TIMED_WAITING on java.lang.String@50b97e43
	at java.base@21.0.6/jdk.internal.misc.Unsafe.park(Native Method)
	-  waiting on java.lang.String@50b97e43
	at java.base@21.0.6/java.util.concurrent.locks.LockSupport.parkNanos(LockSupport.java:269)
	at knot//net.minecraft.class_1255.method_20813(class_1255.java:1019)
	at knot//net.minecraft.class_1255.method_18857(class_1255.java:147)
	at knot//net.minecraft.class_3215$class_4212.method_18857(class_3215.java:525)
	at knot//net.minecraft.class_3215.getChunkBlocking(class_3215.java:1245)
	at knot//net.minecraft.class_3215.method_12121(class_3215.java:1166)
	at knot//net.minecraft.class_1937.method_8402(class_1937.java:208)
	at knot//net.minecraft.class_1937.method_8497(class_1937.java:8094)
	at knot//net.minecraft.class_1937.method_8320(class_1937.java:8586)
	at knot//net.minecraft.class_4538.method_22347(class_4538.java:102)
	at knot//fuzs.fastitemframes.handler.ItemFrameHandler.onEntityLoad(ItemFrameHandler.java:43)
	at knot//fuzs.fastitemframes.FastItemFrames$$Lambda/0x00000269a3317c00.onEntityLoad(Unknown Source)
	at java.base@21.0.6/java.lang.invoke.LambdaForm$DMH/0x00000269a234c400.invokeInterface(LambdaForm$DMH)
	at java.base@21.0.6/java.lang.invoke.LambdaForm$MH/0x00000269a4ec4800.invoke(LambdaForm$MH)
	at java.base@21.0.6/java.lang.invoke.LambdaForm$MH/0x00000269a339c400.invoke(LambdaForm$MH)
	at java.base@21.0.6/java.lang.invoke.Invokers$Holder.invokeExact_MT(Invokers$Holder)
	at java.base@21.0.6/java.lang.invoke.MethodHandle.invokeWithArguments(MethodHandle.java:733)
	at knot//fuzs.puzzleslib.fabric.api.event.v1.core.FabricEventFactory.invokeFast(FabricEventFactory.java:180)
	at knot//fuzs.puzzleslib.fabric.api.event.v1.core.FabricEventFactory$2.handleInvocation(FabricEventFactory.java:71)
	at knot//com.google.common.reflect.AbstractInvocationHandler.invoke(AbstractInvocationHandler.java:87)
	at knot/jdk.proxy2/jdk.proxy2.$Proxy232.onEntityLoad(Unknown Source)
	at knot//net.minecraft.class_5579.handler$hfb001$puzzleslib$addEntity(class_5579.java:3045)
	at knot//net.minecraft.class_5579.method_31820(class_5579.java)
	at knot//net.minecraft.class_5579.method_31863(class_5579.java:203)
	at knot//net.minecraft.class_5579$$Lambda/0x00000269a4f89568.accept(Unknown Source)
	at knot//net.minecraft.class_1299$1.method_31491(class_1299.java:619)
	at knot//net.minecraft.class_1299$1$$Lambda/0x00000269a4f899b8.apply(Unknown Source)
	at java.base@21.0.6/java.util.Optional.map(Optional.java:260)
	at knot//net.minecraft.class_1299.method_17842(class_1299.java:596)
	at knot//net.minecraft.class_1299$1.method_31490(class_1299.java:618)
	at knot//net.minecraft.class_1299$1$$Lambda/0x00000269a4f89790.accept(Unknown Source)
	at java.base@21.0.6/java.util.ArrayList$ArrayListSpliterator.tryAdvance(ArrayList.java:1685)
	at knot//net.minecraft.class_1299$1.tryAdvance(class_1299.java:617)
	at java.base@21.0.6/java.util.Spliterator.forEachRemaining(Spliterator.java:332)
	at java.base@21.0.6/java.util.stream.ReferencePipeline$Head.forEach(ReferencePipeline.java:762)
	at knot//net.minecraft.class_5579.method_31835(class_5579.java:203)
	at knot//net.minecraft.class_3218.method_31426(class_3218.java:1552)
	at knot//net.minecraft.class_9310.method_60552(class_9310.java:157)
	at knot//net.minecraft.class_9310.method_60551(class_9310.java:142)
	at knot//net.minecraft.class_9310$$Lambda/0x00000269a4cbd0c0.run(Unknown Source)
	at knot//net.minecraft.class_2818.method_12206(class_2818.java:471)
	at knot//net.minecraft.class_9310.method_60553(class_9310.java:147)
	at knot//net.minecraft.class_9310$$Lambda/0x00000269a4cbc888.get(Unknown Source)
	at java.base@21.0.6/java.util.concurrent.CompletableFuture$AsyncSupply.run(CompletableFuture.java:1768)
	at knot//net.minecraft.class_3900.method_17634(class_3900.java:62)
	at knot//net.minecraft.class_3900$$Lambda/0x00000269a4c27830.run(Unknown Source)
	at knot//net.minecraft.class_1255.method_18859(class_1255.java:162)
	at knot//net.minecraft.class_3215$class_4212.method_18859(class_3215.java:552)
	at knot//net.minecraft.class_1255.method_16075(class_1255.java:136)
	at knot//net.minecraft.class_3215$class_4212.method_16075(class_3215.java:561)
	at knot//net.minecraft.class_3215.method_19492(class_3215.java:263)
	at knot//net.minecraft.server.MinecraftServer.method_20415(MinecraftServer.java:852)
	at knot//net.minecraft.server.MinecraftServer.method_16075(MinecraftServer.java:840)
	at knot//net.minecraft.class_1255.method_18857(class_1255.java:145)
	at knot//net.minecraft.server.MinecraftServer.method_18857(MinecraftServer.java:810)
	at knot//net.minecraft.server.MinecraftServer.method_16208(MinecraftServer.java:815)
	at knot//net.minecraft.server.MinecraftServer.method_29741(MinecraftServer.java:702)
	at knot//net.minecraft.server.MinecraftServer.method_29739(MinecraftServer.java:281)
	at knot//net.minecraft.server.MinecraftServer$$Lambda/0x00000269a4b6dd50.run(Unknown Source)
	at java.base@21.0.6/java.lang.Thread.runWith(Thread.java:1596)
	at java.base@21.0.6/java.lang.Thread.run(Thread.java:1583)

"spark-worker-pool-2-thread-1" daemon prio=5 Id=182 WAITING on java.util.concurrent.locks.AbstractQueuedSynchronizer$ConditionObject@62e20ce0
	at java.base@21.0.6/jdk.internal.misc.Unsafe.park(Native Method)
	-  waiting on java.util.concurrent.locks.AbstractQueuedSynchronizer$ConditionObject@62e20ce0
	at java.base@21.0.6/java.util.concurrent.locks.LockSupport.park(LockSupport.java:371)
	at java.base@21.0.6/java.util.concurrent.locks.AbstractQueuedSynchronizer$ConditionNode.block(AbstractQueuedSynchronizer.java:519)
	at java.base@21.0.6/java.util.concurrent.ForkJoinPool.unmanagedBlock(ForkJoinPool.java:3780)
	at java.base@21.0.6/java.util.concurrent.ForkJoinPool.managedBlock(ForkJoinPool.java:3725)
	at java.base@21.0.6/java.util.concurrent.locks.AbstractQueuedSynchronizer$ConditionObject.await(AbstractQueuedSynchronizer.java:1712)
	at java.base@21.0.6/java.util.concurrent.ScheduledThreadPoolExecutor$DelayedWorkQueue.take(ScheduledThreadPoolExecutor.java:1170)
	at java.base@21.0.6/java.util.concurrent.ScheduledThreadPoolExecutor$DelayedWorkQueue.take(ScheduledThreadPoolExecutor.java:899)
	at java.base@21.0.6/java.util.concurrent.ThreadPoolExecutor.getTask(ThreadPoolExecutor.java:1070)
	at java.base@21.0.6/java.util.concurrent.ThreadPoolExecutor.runWorker(ThreadPoolExecutor.java:1130)
	at java.base@21.0.6/java.util.concurrent.ThreadPoolExecutor$Worker.run(ThreadPoolExecutor.java:642)
	at java.base@21.0.6/java.lang.Thread.runWith(Thread.java:1596)
	at java.base@21.0.6/java.lang.Thread.run(Thread.java:1583)

"spark-java-sampler-0-0" prio=5 Id=183 WAITING on java.util.concurrent.locks.AbstractQueuedSynchronizer$ConditionObject@2486eb69
	at java.base@21.0.6/jdk.internal.misc.Unsafe.park(Native Method)
	-  waiting on java.util.concurrent.locks.AbstractQueuedSynchronizer$ConditionObject@2486eb69
	at java.base@21.0.6/java.util.concurrent.locks.LockSupport.park(LockSupport.java:371)
	at java.base@21.0.6/java.util.concurrent.locks.AbstractQueuedSynchronizer$ConditionNode.block(AbstractQueuedSynchronizer.java:519)
	at java.base@21.0.6/java.util.concurrent.ForkJoinPool.unmanagedBlock(ForkJoinPool.java:3780)
	at java.base@21.0.6/java.util.concurrent.ForkJoinPool.managedBlock(ForkJoinPool.java:3725)
	at java.base@21.0.6/java.util.concurrent.locks.AbstractQueuedSynchronizer$ConditionObject.await(AbstractQueuedSynchronizer.java:1712)
	at java.base@21.0.6/java.util.concurrent.ScheduledThreadPoolExecutor$DelayedWorkQueue.take(ScheduledThreadPoolExecutor.java:1177)
	at java.base@21.0.6/java.util.concurrent.ScheduledThreadPoolExecutor$DelayedWorkQueue.take(ScheduledThreadPoolExecutor.java:899)
	at java.base@21.0.6/java.util.concurrent.ThreadPoolExecutor.getTask(ThreadPoolExecutor.java:1070)
	at java.base@21.0.6/java.util.concurrent.ThreadPoolExecutor.runWorker(ThreadPoolExecutor.java:1130)
	at java.base@21.0.6/java.util.concurrent.ThreadPoolExecutor$Worker.run(ThreadPoolExecutor.java:642)
	at java.base@21.0.6/java.lang.Thread.runWith(Thread.java:1596)
	at java.base@21.0.6/java.lang.Thread.run(Thread.java:1583)

"spark-java-sampler-0-1" prio=5 Id=184 WAITING on java.util.concurrent.locks.AbstractQueuedSynchronizer$ConditionObject@2486eb69
	at java.base@21.0.6/jdk.internal.misc.Unsafe.park(Native Method)
	-  waiting on java.util.concurrent.locks.AbstractQueuedSynchronizer$ConditionObject@2486eb69
	at java.base@21.0.6/java.util.concurrent.locks.LockSupport.park(LockSupport.java:371)
	at java.base@21.0.6/java.util.concurrent.locks.AbstractQueuedSynchronizer$ConditionNode.block(AbstractQueuedSynchronizer.java:519)
	at java.base@21.0.6/java.util.concurrent.ForkJoinPool.unmanagedBlock(ForkJoinPool.java:3780)
	at java.base@21.0.6/java.util.concurrent.ForkJoinPool.managedBlock(ForkJoinPool.java:3725)
	at java.base@21.0.6/java.util.concurrent.locks.AbstractQueuedSynchronizer$ConditionObject.await(AbstractQueuedSynchronizer.java:1712)
	at java.base@21.0.6/java.util.concurrent.ScheduledThreadPoolExecutor$DelayedWorkQueue.take(ScheduledThreadPoolExecutor.java:1177)
	at java.base@21.0.6/java.util.concurrent.ScheduledThreadPoolExecutor$DelayedWorkQueue.take(ScheduledThreadPoolExecutor.java:899)
	at java.base@21.0.6/java.util.concurrent.ThreadPoolExecutor.getTask(ThreadPoolExecutor.java:1070)
	at java.base@21.0.6/java.util.concurrent.ThreadPoolExecutor.runWorker(ThreadPoolExecutor.java:1130)
	at java.base@21.0.6/java.util.concurrent.ThreadPoolExecutor$Worker.run(ThreadPoolExecutor.java:642)
	at java.base@21.0.6/java.lang.Thread.runWith(Thread.java:1596)
	at java.base@21.0.6/java.lang.Thread.run(Thread.java:1583)

"spark-java-sampler-0-2" prio=5 Id=185 WAITING on java.util.concurrent.locks.AbstractQueuedSynchronizer$ConditionObject@2486eb69
	at java.base@21.0.6/jdk.internal.misc.Unsafe.park(Native Method)
	-  waiting on java.util.concurrent.locks.AbstractQueuedSynchronizer$ConditionObject@2486eb69
	at java.base@21.0.6/java.util.concurrent.locks.LockSupport.park(LockSupport.java:371)
	at java.base@21.0.6/java.util.concurrent.locks.AbstractQueuedSynchronizer$ConditionNode.block(AbstractQueuedSynchronizer.java:519)
	at java.base@21.0.6/java.util.concurrent.ForkJoinPool.unmanagedBlock(ForkJoinPool.java:3780)
	at java.base@21.0.6/java.util.concurrent.ForkJoinPool.managedBlock(ForkJoinPool.java:3725)
	at java.base@21.0.6/java.util.concurrent.locks.AbstractQueuedSynchronizer$ConditionObject.await(AbstractQueuedSynchronizer.java:1712)
	at java.base@21.0.6/java.util.concurrent.ScheduledThreadPoolExecutor$DelayedWorkQueue.take(ScheduledThreadPoolExecutor.java:1177)
	at java.base@21.0.6/java.util.concurrent.ScheduledThreadPoolExecutor$DelayedWorkQueue.take(ScheduledThreadPoolExecutor.java:899)
	at java.base@21.0.6/java.util.concurrent.ThreadPoolExecutor.getTask(ThreadPoolExecutor.java:1070)
	at java.base@21.0.6/java.util.concurrent.ThreadPoolExecutor.runWorker(ThreadPoolExecutor.java:1130)
	at java.base@21.0.6/java.util.concurrent.ThreadPoolExecutor$Worker.run(ThreadPoolExecutor.java:642)
	at java.base@21.0.6/java.lang.Thread.runWith(Thread.java:1596)
	at java.base@21.0.6/java.lang.Thread.run(Thread.java:1583)

"spark-java-sampler-0-3" prio=5 Id=186 WAITING on java.util.concurrent.locks.AbstractQueuedSynchronizer$ConditionObject@2486eb69
	at java.base@21.0.6/jdk.internal.misc.Unsafe.park(Native Method)
	-  waiting on java.util.concurrent.locks.AbstractQueuedSynchronizer$ConditionObject@2486eb69
	at java.base@21.0.6/java.util.concurrent.locks.LockSupport.park(LockSupport.java:371)
	at java.base@21.0.6/java.util.concurrent.locks.AbstractQueuedSynchronizer$ConditionNode.block(AbstractQueuedSynchronizer.java:519)
	at java.base@21.0.6/java.util.concurrent.ForkJoinPool.unmanagedBlock(ForkJoinPool.java:3780)
	at java.base@21.0.6/java.util.concurrent.ForkJoinPool.managedBlock(ForkJoinPool.java:3725)
	at java.base@21.0.6/java.util.concurrent.locks.AbstractQueuedSynchronizer$ConditionObject.await(AbstractQueuedSynchronizer.java:1712)
	at java.base@21.0.6/java.util.concurrent.ScheduledThreadPoolExecutor$DelayedWorkQueue.take(ScheduledThreadPoolExecutor.java:1177)
	at java.base@21.0.6/java.util.concurrent.ScheduledThreadPoolExecutor$DelayedWorkQueue.take(ScheduledThreadPoolExecutor.java:899)
	at java.base@21.0.6/java.util.concurrent.ThreadPoolExecutor.getTask(ThreadPoolExecutor.java:1070)
	at java.base@21.0.6/java.util.concurrent.ThreadPoolExecutor.runWorker(ThreadPoolExecutor.java:1130)
	at java.base@21.0.6/java.util.concurrent.ThreadPoolExecutor$Worker.run(ThreadPoolExecutor.java:642)
	at java.base@21.0.6/java.lang.Thread.runWith(Thread.java:1596)
	at java.base@21.0.6/java.lang.Thread.run(Thread.java:1583)

"spark-java-sampler-0-4" prio=5 Id=187 WAITING on java.util.concurrent.locks.AbstractQueuedSynchronizer$ConditionObject@2486eb69
	at java.base@21.0.6/jdk.internal.misc.Unsafe.park(Native Method)
	-  waiting on java.util.concurrent.locks.AbstractQueuedSynchronizer$ConditionObject@2486eb69
	at java.base@21.0.6/java.util.concurrent.locks.LockSupport.park(LockSupport.java:371)
	at java.base@21.0.6/java.util.concurrent.locks.AbstractQueuedSynchronizer$ConditionNode.block(AbstractQueuedSynchronizer.java:519)
	at java.base@21.0.6/java.util.concurrent.ForkJoinPool.unmanagedBlock(ForkJoinPool.java:3780)
	at java.base@21.0.6/java.util.concurrent.ForkJoinPool.managedBlock(ForkJoinPool.java:3725)
	at java.base@21.0.6/java.util.concurrent.locks.AbstractQueuedSynchronizer$ConditionObject.await(AbstractQueuedSynchronizer.java:1712)
	at java.base@21.0.6/java.util.concurrent.ScheduledThreadPoolExecutor$DelayedWorkQueue.take(ScheduledThreadPoolExecutor.java:1177)
	at java.base@21.0.6/java.util.concurrent.ScheduledThreadPoolExecutor$DelayedWorkQueue.take(ScheduledThreadPoolExecutor.java:899)
	at java.base@21.0.6/java.util.concurrent.ThreadPoolExecutor.getTask(ThreadPoolExecutor.java:1070)
	at java.base@21.0.6/java.util.concurrent.ThreadPoolExecutor.runWorker(ThreadPoolExecutor.java:1130)
	at java.base@21.0.6/java.util.concurrent.ThreadPoolExecutor$Worker.run(ThreadPoolExecutor.java:642)
	at java.base@21.0.6/java.lang.Thread.runWith(Thread.java:1596)
	at java.base@21.0.6/java.lang.Thread.run(Thread.java:1583)

"spark-java-sampler-0-5" prio=5 Id=188 TIMED_WAITING on java.util.concurrent.locks.AbstractQueuedSynchronizer$ConditionObject@2486eb69
	at java.base@21.0.6/jdk.internal.misc.Unsafe.park(Native Method)
	-  waiting on java.util.concurrent.locks.AbstractQueuedSynchronizer$ConditionObject@2486eb69
	at java.base@21.0.6/java.util.concurrent.locks.LockSupport.parkNanos(LockSupport.java:269)
	at java.base@21.0.6/java.util.concurrent.locks.AbstractQueuedSynchronizer$ConditionObject.awaitNanos(AbstractQueuedSynchronizer.java:1763)
	at java.base@21.0.6/java.util.concurrent.ScheduledThreadPoolExecutor$DelayedWorkQueue.take(ScheduledThreadPoolExecutor.java:1182)
	at java.base@21.0.6/java.util.concurrent.ScheduledThreadPoolExecutor$DelayedWorkQueue.take(ScheduledThreadPoolExecutor.java:899)
	at java.base@21.0.6/java.util.concurrent.ThreadPoolExecutor.getTask(ThreadPoolExecutor.java:1070)
	at java.base@21.0.6/java.util.concurrent.ThreadPoolExecutor.runWorker(ThreadPoolExecutor.java:1130)
	at java.base@21.0.6/java.util.concurrent.ThreadPoolExecutor$Worker.run(ThreadPoolExecutor.java:642)
	at java.base@21.0.6/java.lang.Thread.runWith(Thread.java:1596)
	at java.base@21.0.6/java.lang.Thread.run(Thread.java:1583)

"scalablelux-0" daemon prio=5 Id=189 WAITING on java.lang.Object@5994d150
	at java.base@21.0.6/java.lang.Object.wait0(Native Method)
	-  waiting on java.lang.Object@5994d150
	at java.base@21.0.6/java.lang.Object.wait(Object.java:366)
	at java.base@21.0.6/java.lang.Object.wait(Object.java:339)
	at knot//ca.spottedleaf.starlight.interndep.flowsched.executor.WorkerThread.run(WorkerThread.java:43)


"scalablelux-1" daemon prio=5 Id=190 WAITING on java.lang.Object@5994d150
	at java.base@21.0.6/java.lang.Object.wait0(Native Method)
	-  waiting on java.lang.Object@5994d150
	at java.base@21.0.6/java.lang.Object.wait(Object.java:366)
	at java.base@21.0.6/java.lang.Object.wait(Object.java:339)
	at knot//ca.spottedleaf.starlight.interndep.flowsched.executor.WorkerThread.run(WorkerThread.java:43)


"scalablelux-2" daemon prio=5 Id=191 WAITING on java.lang.Object@5994d150
	at java.base@21.0.6/java.lang.Object.wait0(Native Method)
	-  waiting on java.lang.Object@5994d150
	at java.base@21.0.6/java.lang.Object.wait(Object.java:366)
	at java.base@21.0.6/java.lang.Object.wait(Object.java:339)
	at knot//ca.spottedleaf.starlight.interndep.flowsched.executor.WorkerThread.run(WorkerThread.java:43)


"scalablelux-3" daemon prio=5 Id=192 WAITING on java.lang.Object@5994d150
	at java.base@21.0.6/java.lang.Object.wait0(Native Method)
	-  waiting on java.lang.Object@5994d150
	at java.base@21.0.6/java.lang.Object.wait(Object.java:366)
	at java.base@21.0.6/java.lang.Object.wait(Object.java:339)
	at knot//ca.spottedleaf.starlight.interndep.flowsched.executor.WorkerThread.run(WorkerThread.java:43)


"ModernFix integrated server watchdog" daemon prio=5 Id=195 RUNNABLE
	at java.management@21.0.6/sun.management.ThreadImpl.dumpThreads0(Native Method)
	at java.management@21.0.6/sun.management.ThreadImpl.dumpAllThreads(ThreadImpl.java:518)
	at java.management@21.0.6/sun.management.ThreadImpl.dumpAllThreads(ThreadImpl.java:506)
	at knot//org.embeddedt.modernfix.world.ThreadDumper.obtainThreadDump(ThreadDumper.java:11)
	at knot//org.embeddedt.modernfix.world.IntegratedWatchdog.run(IntegratedWatchdog.java:50)


"Netty Server IO #0" daemon prio=5 Id=198 RUNNABLE (in native)
	at java.base@21.0.6/sun.nio.ch.WEPoll.wait(Native Method)
	at java.base@21.0.6/sun.nio.ch.WEPollSelectorImpl.doSelect(WEPollSelectorImpl.java:114)
	at java.base@21.0.6/sun.nio.ch.SelectorImpl.lockAndDoSelect(SelectorImpl.java:130)
	-  locked io.netty.channel.nio.SelectedSelectionKeySet@15bc6eca
	-  locked sun.nio.ch.WEPollSelectorImpl@67cbe591
	at java.base@21.0.6/sun.nio.ch.SelectorImpl.select(SelectorImpl.java:147)
	at knot//io.netty.channel.nio.SelectedSelectionKeySetSelector.select(SelectedSelectionKeySetSelector.java:68)
	at knot//io.netty.channel.nio.NioEventLoop.select(NioEventLoop.java:879)
	at knot//io.netty.channel.nio.NioEventLoop.run(NioEventLoop.java:526)
	at knot//io.netty.util.concurrent.SingleThreadEventExecutor$4.run(SingleThreadEventExecutor.java:997)
	at knot//io.netty.util.internal.ThreadExecutorMap$2.run(ThreadExecutorMap.java:74)
	at java.base@21.0.6/java.lang.Thread.runWith(Thread.java:1596)
	at java.base@21.0.6/java.lang.Thread.run(Thread.java:1583)

"Netty Local Client IO #0" daemon prio=5 Id=199 WAITING on java.util.concurrent.locks.AbstractQueuedSynchronizer$ConditionObject@740587a2
	at java.base@21.0.6/jdk.internal.misc.Unsafe.park(Native Method)
	-  waiting on java.util.concurrent.locks.AbstractQueuedSynchronizer$ConditionObject@740587a2
	at java.base@21.0.6/java.util.concurrent.locks.LockSupport.park(LockSupport.java:371)
	at java.base@21.0.6/java.util.concurrent.locks.AbstractQueuedSynchronizer$ConditionNode.block(AbstractQueuedSynchronizer.java:519)
	at java.base@21.0.6/java.util.concurrent.ForkJoinPool.unmanagedBlock(ForkJoinPool.java:3780)
	at java.base@21.0.6/java.util.concurrent.ForkJoinPool.managedBlock(ForkJoinPool.java:3725)
	at java.base@21.0.6/java.util.concurrent.locks.AbstractQueuedSynchronizer$ConditionObject.await(AbstractQueuedSynchronizer.java:1712)
	at java.base@21.0.6/java.util.concurrent.LinkedBlockingQueue.take(LinkedBlockingQueue.java:435)
	at knot//io.netty.util.concurrent.SingleThreadEventExecutor.takeTask(SingleThreadEventExecutor.java:244)
	at knot//io.netty.channel.DefaultEventLoop.run(DefaultEventLoop.java:52)
	at knot//io.netty.util.concurrent.SingleThreadEventExecutor$4.run(SingleThreadEventExecutor.java:997)
	at knot//io.netty.util.internal.ThreadExecutorMap$2.run(ThreadExecutorMap.java:74)
	at java.base@21.0.6/java.lang.Thread.runWith(Thread.java:1596)
	at java.base@21.0.6/java.lang.Thread.run(Thread.java:1583)

"Netty Server IO #1" daemon prio=5 Id=200 RUNNABLE (in native)
	at java.base@21.0.6/sun.nio.ch.WEPoll.wait(Native Method)
	at java.base@21.0.6/sun.nio.ch.WEPollSelectorImpl.doSelect(WEPollSelectorImpl.java:114)
	at java.base@21.0.6/sun.nio.ch.SelectorImpl.lockAndDoSelect(SelectorImpl.java:130)
	-  locked io.netty.channel.nio.SelectedSelectionKeySet@be4d623
	-  locked sun.nio.ch.WEPollSelectorImpl@7dd823ab
	at java.base@21.0.6/sun.nio.ch.SelectorImpl.select(SelectorImpl.java:147)
	at knot//io.netty.channel.nio.SelectedSelectionKeySetSelector.select(SelectedSelectionKeySetSelector.java:68)
	at knot//io.netty.channel.nio.NioEventLoop.select(NioEventLoop.java:879)
	at knot//io.netty.channel.nio.NioEventLoop.run(NioEventLoop.java:526)
	at knot//io.netty.util.concurrent.SingleThreadEventExecutor$4.run(SingleThreadEventExecutor.java:997)
	at knot//io.netty.util.internal.ThreadExecutorMap$2.run(ThreadExecutorMap.java:74)
	at java.base@21.0.6/java.lang.Thread.runWith(Thread.java:1596)
	at java.base@21.0.6/java.lang.Thread.run(Thread.java:1583)

"Sound engine" daemon prio=10 Id=201 WAITING on java.lang.String@50b97e43
	at java.base@21.0.6/jdk.internal.misc.Unsafe.park(Native Method)
	-  waiting on java.lang.String@50b97e43
	at java.base@21.0.6/java.util.concurrent.locks.LockSupport.park(LockSupport.java:221)
	at knot//net.minecraft.class_4238.method_20813(class_4238.java:49)
	at knot//net.minecraft.class_1255.method_18857(class_1255.java:147)
	at knot//net.minecraft.class_4238.method_19765(class_4238.java:42)
	at knot//net.minecraft.class_4238$$Lambda/0x00000269a4435748.run(Unknown Source)
	at java.base@21.0.6/java.lang.Thread.runWith(Thread.java:1596)
	at java.base@21.0.6/java.lang.Thread.run(Thread.java:1583)


"ForkJoinPool.commonPool-worker-4" daemon prio=5 Id=231 WAITING on java.util.concurrent.ForkJoinPool@62bab8b0
	at java.base@21.0.6/jdk.internal.misc.Unsafe.park(Native Method)
	-  waiting on java.util.concurrent.ForkJoinPool@62bab8b0
	at java.base@21.0.6/java.util.concurrent.locks.LockSupport.park(LockSupport.java:371)
	at java.base@21.0.6/java.util.concurrent.ForkJoinPool.awaitWork(ForkJoinPool.java:1893)
	at java.base@21.0.6/java.util.concurrent.ForkJoinPool.runWorker(ForkJoinPool.java:1809)
	at java.base@21.0.6/java.util.concurrent.ForkJoinWorkerThread.run(ForkJoinWorkerThread.java:188)


"ForkJoinPool.commonPool-worker-5" daemon prio=5 Id=232 WAITING on java.util.concurrent.ForkJoinPool@62bab8b0
	at java.base@21.0.6/jdk.internal.misc.Unsafe.park(Native Method)
	-  waiting on java.util.concurrent.ForkJoinPool@62bab8b0
	at java.base@21.0.6/java.util.concurrent.locks.LockSupport.park(LockSupport.java:371)
	at java.base@21.0.6/java.util.concurrent.ForkJoinPool.awaitWork(ForkJoinPool.java:1893)
	at java.base@21.0.6/java.util.concurrent.ForkJoinPool.runWorker(ForkJoinPool.java:1809)
	at java.base@21.0.6/java.util.concurrent.ForkJoinWorkerThread.run(ForkJoinWorkerThread.java:188)


"ForkJoinPool.commonPool-worker-6" daemon prio=5 Id=230 WAITING on java.util.concurrent.ForkJoinPool@62bab8b0
	at java.base@21.0.6/jdk.internal.misc.Unsafe.park(Native Method)
	-  waiting on java.util.concurrent.ForkJoinPool@62bab8b0
	at java.base@21.0.6/java.util.concurrent.locks.LockSupport.park(LockSupport.java:371)
	at java.base@21.0.6/java.util.concurrent.ForkJoinPool.awaitWork(ForkJoinPool.java:1893)
	at java.base@21.0.6/java.util.concurrent.ForkJoinPool.runWorker(ForkJoinPool.java:1809)
	at java.base@21.0.6/java.util.concurrent.ForkJoinWorkerThread.run(ForkJoinWorkerThread.java:188)


"ForkJoinPool.commonPool-worker-7" daemon prio=10 Id=233 WAITING on java.util.concurrent.ForkJoinPool@62bab8b0
	at java.base@21.0.6/jdk.internal.misc.Unsafe.park(Native Method)
	-  waiting on java.util.concurrent.ForkJoinPool@62bab8b0
	at java.base@21.0.6/java.util.concurrent.locks.LockSupport.park(LockSupport.java:371)
	at java.base@21.0.6/java.util.concurrent.ForkJoinPool.awaitWork(ForkJoinPool.java:1893)
	at java.base@21.0.6/java.util.concurrent.ForkJoinPool.runWorker(ForkJoinPool.java:1809)
	at java.base@21.0.6/java.util.concurrent.ForkJoinWorkerThread.run(ForkJoinWorkerThread.java:188)


"ForkJoinPool.commonPool-worker-8" daemon prio=5 Id=234 WAITING on java.util.concurrent.ForkJoinPool@62bab8b0
	at java.base@21.0.6/jdk.internal.misc.Unsafe.park(Native Method)
	-  waiting on java.util.concurrent.ForkJoinPool@62bab8b0
	at java.base@21.0.6/java.util.concurrent.locks.LockSupport.park(LockSupport.java:371)
	at java.base@21.0.6/java.util.concurrent.ForkJoinPool.awaitWork(ForkJoinPool.java:1893)
	at java.base@21.0.6/java.util.concurrent.ForkJoinPool.runWorker(ForkJoinPool.java:1809)
	at java.base@21.0.6/java.util.concurrent.ForkJoinWorkerThread.run(ForkJoinWorkerThread.java:188)


"ForkJoinPool.commonPool-worker-9" daemon prio=5 Id=235 WAITING on java.util.concurrent.ForkJoinPool@62bab8b0
	at java.base@21.0.6/jdk.internal.misc.Unsafe.park(Native Method)
	-  waiting on java.util.concurrent.ForkJoinPool@62bab8b0
	at java.base@21.0.6/java.util.concurrent.locks.LockSupport.park(LockSupport.java:371)
	at java.base@21.0.6/java.util.concurrent.ForkJoinPool.awaitWork(ForkJoinPool.java:1893)
	at java.base@21.0.6/java.util.concurrent.ForkJoinPool.runWorker(ForkJoinPool.java:1809)
	at java.base@21.0.6/java.util.concurrent.ForkJoinWorkerThread.run(ForkJoinWorkerThread.java:188)


"ForkJoinPool.commonPool-worker-10" daemon prio=5 Id=236 WAITING on java.util.concurrent.ForkJoinPool@62bab8b0
	at java.base@21.0.6/jdk.internal.misc.Unsafe.park(Native Method)
	-  waiting on java.util.concurrent.ForkJoinPool@62bab8b0
	at java.base@21.0.6/java.util.concurrent.locks.LockSupport.park(LockSupport.java:371)
	at java.base@21.0.6/java.util.concurrent.ForkJoinPool.awaitWork(ForkJoinPool.java:1893)
	at java.base@21.0.6/java.util.concurrent.ForkJoinPool.runWorker(ForkJoinPool.java:1809)
	at java.base@21.0.6/java.util.concurrent.ForkJoinWorkerThread.run(ForkJoinWorkerThread.java:188)


"ForkJoinPool.commonPool-worker-11" daemon prio=5 Id=237 WAITING on java.util.concurrent.ForkJoinPool@62bab8b0
	at java.base@21.0.6/jdk.internal.misc.Unsafe.park(Native Method)
	-  waiting on java.util.concurrent.ForkJoinPool@62bab8b0
	at java.base@21.0.6/java.util.concurrent.locks.LockSupport.park(LockSupport.java:371)
	at java.base@21.0.6/java.util.concurrent.ForkJoinPool.awaitWork(ForkJoinPool.java:1893)
	at java.base@21.0.6/java.util.concurrent.ForkJoinPool.runWorker(ForkJoinPool.java:1809)
	at java.base@21.0.6/java.util.concurrent.ForkJoinWorkerThread.run(ForkJoinWorkerThread.java:188)


"pool-40-thread-1" prio=5 Id=241 WAITING on java.util.concurrent.locks.AbstractQueuedSynchronizer$ConditionObject@4587b6ec
	at java.base@21.0.6/jdk.internal.misc.Unsafe.park(Native Method)
	-  waiting on java.util.concurrent.locks.AbstractQueuedSynchronizer$ConditionObject@4587b6ec
	at java.base@21.0.6/java.util.concurrent.locks.LockSupport.park(LockSupport.java:371)
	at java.base@21.0.6/java.util.concurrent.locks.AbstractQueuedSynchronizer$ConditionNode.block(AbstractQueuedSynchronizer.java:519)
	at java.base@21.0.6/java.util.concurrent.ForkJoinPool.unmanagedBlock(ForkJoinPool.java:3780)
	at java.base@21.0.6/java.util.concurrent.ForkJoinPool.managedBlock(ForkJoinPool.java:3725)
	at java.base@21.0.6/java.util.concurrent.locks.AbstractQueuedSynchronizer$ConditionObject.await(AbstractQueuedSynchronizer.java:1712)
	at java.base@21.0.6/java.util.concurrent.LinkedBlockingQueue.take(LinkedBlockingQueue.java:435)
	at java.base@21.0.6/java.util.concurrent.ThreadPoolExecutor.getTask(ThreadPoolExecutor.java:1070)
	at java.base@21.0.6/java.util.concurrent.ThreadPoolExecutor.runWorker(ThreadPoolExecutor.java:1130)
	at java.base@21.0.6/java.util.concurrent.ThreadPoolExecutor$Worker.run(ThreadPoolExecutor.java:642)
	at java.base@21.0.6/java.lang.Thread.runWith(Thread.java:1596)
	at java.base@21.0.6/java.lang.Thread.run(Thread.java:1583)

"IO-Worker-6" daemon prio=1 Id=251 TIMED_WAITING on java.util.concurrent.SynchronousQueue$Transferer@1d671169
	at java.base@21.0.6/jdk.internal.misc.Unsafe.park(Native Method)
	-  waiting on java.util.concurrent.SynchronousQueue$Transferer@1d671169
	at java.base@21.0.6/java.util.concurrent.locks.LockSupport.parkNanos(LockSupport.java:410)
	at java.base@21.0.6/java.util.concurrent.LinkedTransferQueue$DualNode.await(LinkedTransferQueue.java:452)
	at java.base@21.0.6/java.util.concurrent.SynchronousQueue$Transferer.xferLifo(SynchronousQueue.java:194)
	at java.base@21.0.6/java.util.concurrent.SynchronousQueue.xfer(SynchronousQueue.java:235)
	at java.base@21.0.6/java.util.concurrent.SynchronousQueue.poll(SynchronousQueue.java:338)
	at java.base@21.0.6/java.util.concurrent.ThreadPoolExecutor.getTask(ThreadPoolExecutor.java:1069)
	at java.base@21.0.6/java.util.concurrent.ThreadPoolExecutor.runWorker(ThreadPoolExecutor.java:1130)
	at java.base@21.0.6/java.util.concurrent.ThreadPoolExecutor$Worker.run(ThreadPoolExecutor.java:642)
	at java.base@21.0.6/java.lang.Thread.runWith(Thread.java:1596)
	at java.base@21.0.6/java.lang.Thread.run(Thread.java:1583)

"IO-Worker-7" daemon prio=1 Id=253 TIMED_WAITING on java.util.concurrent.SynchronousQueue$Transferer@1d671169
	at java.base@21.0.6/jdk.internal.misc.Unsafe.park(Native Method)
	-  waiting on java.util.concurrent.SynchronousQueue$Transferer@1d671169
	at java.base@21.0.6/java.util.concurrent.locks.LockSupport.parkNanos(LockSupport.java:410)
	at java.base@21.0.6/java.util.concurrent.LinkedTransferQueue$DualNode.await(LinkedTransferQueue.java:452)
	at java.base@21.0.6/java.util.concurrent.SynchronousQueue$Transferer.xferLifo(SynchronousQueue.java:194)
	at java.base@21.0.6/java.util.concurrent.SynchronousQueue.xfer(SynchronousQueue.java:235)
	at java.base@21.0.6/java.util.concurrent.SynchronousQueue.poll(SynchronousQueue.java:338)
	at java.base@21.0.6/java.util.concurrent.ThreadPoolExecutor.getTask(ThreadPoolExecutor.java:1069)
	at java.base@21.0.6/java.util.concurrent.ThreadPoolExecutor.runWorker(ThreadPoolExecutor.java:1130)
	at java.base@21.0.6/java.util.concurrent.ThreadPoolExecutor$Worker.run(ThreadPoolExecutor.java:642)
	at java.base@21.0.6/java.lang.Thread.runWith(Thread.java:1596)
	at java.base@21.0.6/java.lang.Thread.run(Thread.java:1583)

"IO-Worker-9" daemon prio=1 Id=255 TIMED_WAITING on java.util.concurrent.SynchronousQueue$Transferer@1d671169
	at java.base@21.0.6/jdk.internal.misc.Unsafe.park(Native Method)
	-  waiting on java.util.concurrent.SynchronousQueue$Transferer@1d671169
	at java.base@21.0.6/java.util.concurrent.locks.LockSupport.parkNanos(LockSupport.java:410)
	at java.base@21.0.6/java.util.concurrent.LinkedTransferQueue$DualNode.await(LinkedTransferQueue.java:452)
	at java.base@21.0.6/java.util.concurrent.SynchronousQueue$Transferer.xferLifo(SynchronousQueue.java:194)
	at java.base@21.0.6/java.util.concurrent.SynchronousQueue.xfer(SynchronousQueue.java:235)
	at java.base@21.0.6/java.util.concurrent.SynchronousQueue.poll(SynchronousQueue.java:338)
	at java.base@21.0.6/java.util.concurrent.ThreadPoolExecutor.getTask(ThreadPoolExecutor.java:1069)
	at java.base@21.0.6/java.util.concurrent.ThreadPoolExecutor.runWorker(ThreadPoolExecutor.java:1130)
	at java.base@21.0.6/java.util.concurrent.ThreadPoolExecutor$Worker.run(ThreadPoolExecutor.java:642)
	at java.base@21.0.6/java.lang.Thread.runWith(Thread.java:1596)
	at java.base@21.0.6/java.lang.Thread.run(Thread.java:1583)

"Chunk Render Task Executor #0" prio=3 Id=269 WAITING on java.util.concurrent.Semaphore$NonfairSync@301f9928
	at java.base@21.0.6/jdk.internal.misc.Unsafe.park(Native Method)
	-  waiting on java.util.concurrent.Semaphore$NonfairSync@301f9928
	at java.base@21.0.6/java.util.concurrent.locks.LockSupport.park(LockSupport.java:221)
	at java.base@21.0.6/java.util.concurrent.locks.AbstractQueuedSynchronizer.acquire(AbstractQueuedSynchronizer.java:754)
	at java.base@21.0.6/java.util.concurrent.locks.AbstractQueuedSynchronizer.acquireSharedInterruptibly(AbstractQueuedSynchronizer.java:1099)
	at java.base@21.0.6/java.util.concurrent.Semaphore.acquire(Semaphore.java:318)
	at knot//net.caffeinemc.mods.sodium.client.render.chunk.compile.executor.ChunkJobQueue.waitForNextJob(ChunkJobQueue.java:44)
	at knot//net.caffeinemc.mods.sodium.client.render.chunk.compile.executor.ChunkBuilder$WorkerRunnable.run(ChunkBuilder.java:200)
	at java.base@21.0.6/java.lang.Thread.runWith(Thread.java:1596)
	at java.base@21.0.6/java.lang.Thread.run(Thread.java:1583)

"Chunk Render Task Executor #1" prio=3 Id=270 WAITING on java.util.concurrent.Semaphore$NonfairSync@301f9928
	at java.base@21.0.6/jdk.internal.misc.Unsafe.park(Native Method)
	-  waiting on java.util.concurrent.Semaphore$NonfairSync@301f9928
	at java.base@21.0.6/java.util.concurrent.locks.LockSupport.park(LockSupport.java:221)
	at java.base@21.0.6/java.util.concurrent.locks.AbstractQueuedSynchronizer.acquire(AbstractQueuedSynchronizer.java:754)
	at java.base@21.0.6/java.util.concurrent.locks.AbstractQueuedSynchronizer.acquireSharedInterruptibly(AbstractQueuedSynchronizer.java:1099)
	at java.base@21.0.6/java.util.concurrent.Semaphore.acquire(Semaphore.java:318)
	at knot//net.caffeinemc.mods.sodium.client.render.chunk.compile.executor.ChunkJobQueue.waitForNextJob(ChunkJobQueue.java:44)
	at knot//net.caffeinemc.mods.sodium.client.render.chunk.compile.executor.ChunkBuilder$WorkerRunnable.run(ChunkBuilder.java:200)
	at java.base@21.0.6/java.lang.Thread.runWith(Thread.java:1596)
	at java.base@21.0.6/java.lang.Thread.run(Thread.java:1583)

"Chunk Render Task Executor #2" prio=3 Id=271 WAITING on java.util.concurrent.Semaphore$NonfairSync@301f9928
	at java.base@21.0.6/jdk.internal.misc.Unsafe.park(Native Method)
	-  waiting on java.util.concurrent.Semaphore$NonfairSync@301f9928
	at java.base@21.0.6/java.util.concurrent.locks.LockSupport.park(LockSupport.java:221)
	at java.base@21.0.6/java.util.concurrent.locks.AbstractQueuedSynchronizer.acquire(AbstractQueuedSynchronizer.java:754)
	at java.base@21.0.6/java.util.concurrent.locks.AbstractQueuedSynchronizer.acquireSharedInterruptibly(AbstractQueuedSynchronizer.java:1099)
	at java.base@21.0.6/java.util.concurrent.Semaphore.acquire(Semaphore.java:318)
	at knot//net.caffeinemc.mods.sodium.client.render.chunk.compile.executor.ChunkJobQueue.waitForNextJob(ChunkJobQueue.java:44)
	at knot//net.caffeinemc.mods.sodium.client.render.chunk.compile.executor.ChunkBuilder$WorkerRunnable.run(ChunkBuilder.java:200)
	at java.base@21.0.6/java.lang.Thread.runWith(Thread.java:1596)
	at java.base@21.0.6/java.lang.Thread.run(Thread.java:1583)

"Chunk Render Task Executor #3" prio=3 Id=272 WAITING on java.util.concurrent.Semaphore$NonfairSync@301f9928
	at java.base@21.0.6/jdk.internal.misc.Unsafe.park(Native Method)
	-  waiting on java.util.concurrent.Semaphore$NonfairSync@301f9928
	at java.base@21.0.6/java.util.concurrent.locks.LockSupport.park(LockSupport.java:221)
	at java.base@21.0.6/java.util.concurrent.locks.AbstractQueuedSynchronizer.acquire(AbstractQueuedSynchronizer.java:754)
	at java.base@21.0.6/java.util.concurrent.locks.AbstractQueuedSynchronizer.acquireSharedInterruptibly(AbstractQueuedSynchronizer.java:1099)
	at java.base@21.0.6/java.util.concurrent.Semaphore.acquire(Semaphore.java:318)
	at knot//net.caffeinemc.mods.sodium.client.render.chunk.compile.executor.ChunkJobQueue.waitForNextJob(ChunkJobQueue.java:44)
	at knot//net.caffeinemc.mods.sodium.client.render.chunk.compile.executor.ChunkBuilder$WorkerRunnable.run(ChunkBuilder.java:200)
	at java.base@21.0.6/java.lang.Thread.runWith(Thread.java:1596)
	at java.base@21.0.6/java.lang.Thread.run(Thread.java:1583)

"Chunk Render Task Executor #4" prio=3 Id=273 WAITING on java.util.concurrent.Semaphore$NonfairSync@301f9928
	at java.base@21.0.6/jdk.internal.misc.Unsafe.park(Native Method)
	-  waiting on java.util.concurrent.Semaphore$NonfairSync@301f9928
	at java.base@21.0.6/java.util.concurrent.locks.LockSupport.park(LockSupport.java:221)
	at java.base@21.0.6/java.util.concurrent.locks.AbstractQueuedSynchronizer.acquire(AbstractQueuedSynchronizer.java:754)
	at java.base@21.0.6/java.util.concurrent.locks.AbstractQueuedSynchronizer.acquireSharedInterruptibly(AbstractQueuedSynchronizer.java:1099)
	at java.base@21.0.6/java.util.concurrent.Semaphore.acquire(Semaphore.java:318)
	at knot//net.caffeinemc.mods.sodium.client.render.chunk.compile.executor.ChunkJobQueue.waitForNextJob(ChunkJobQueue.java:44)
	at knot//net.caffeinemc.mods.sodium.client.render.chunk.compile.executor.ChunkBuilder$WorkerRunnable.run(ChunkBuilder.java:200)
	at java.base@21.0.6/java.lang.Thread.runWith(Thread.java:1596)
	at java.base@21.0.6/java.lang.Thread.run(Thread.java:1583)

"Chunk Render Task Executor #5" prio=3 Id=274 WAITING on java.util.concurrent.Semaphore$NonfairSync@301f9928
	at java.base@21.0.6/jdk.internal.misc.Unsafe.park(Native Method)
	-  waiting on java.util.concurrent.Semaphore$NonfairSync@301f9928
	at java.base@21.0.6/java.util.concurrent.locks.LockSupport.park(LockSupport.java:221)
	at java.base@21.0.6/java.util.concurrent.locks.AbstractQueuedSynchronizer.acquire(AbstractQueuedSynchronizer.java:754)
	at java.base@21.0.6/java.util.concurrent.locks.AbstractQueuedSynchronizer.acquireSharedInterruptibly(AbstractQueuedSynchronizer.java:1099)
	at java.base@21.0.6/java.util.concurrent.Semaphore.acquire(Semaphore.java:318)
	at knot//net.caffeinemc.mods.sodium.client.render.chunk.compile.executor.ChunkJobQueue.waitForNextJob(ChunkJobQueue.java:44)
	at knot//net.caffeinemc.mods.sodium.client.render.chunk.compile.executor.ChunkBuilder$WorkerRunnable.run(ChunkBuilder.java:200)
	at java.base@21.0.6/java.lang.Thread.runWith(Thread.java:1596)
	at java.base@21.0.6/java.lang.Thread.run(Thread.java:1583)

"IO-Worker-10" daemon prio=1 Id=275 TIMED_WAITING on java.util.concurrent.SynchronousQueue$Transferer@1d671169
	at java.base@21.0.6/jdk.internal.misc.Unsafe.park(Native Method)
	-  waiting on java.util.concurrent.SynchronousQueue$Transferer@1d671169
	at java.base@21.0.6/java.util.concurrent.locks.LockSupport.parkNanos(LockSupport.java:410)
	at java.base@21.0.6/java.util.concurrent.LinkedTransferQueue$DualNode.await(LinkedTransferQueue.java:452)
	at java.base@21.0.6/java.util.concurrent.SynchronousQueue$Transferer.xferLifo(SynchronousQueue.java:194)
	at java.base@21.0.6/java.util.concurrent.SynchronousQueue.xfer(SynchronousQueue.java:235)
	at java.base@21.0.6/java.util.concurrent.SynchronousQueue.poll(SynchronousQueue.java:338)
	at java.base@21.0.6/java.util.concurrent.ThreadPoolExecutor.getTask(ThreadPoolExecutor.java:1069)
	at java.base@21.0.6/java.util.concurrent.ThreadPoolExecutor.runWorker(ThreadPoolExecutor.java:1130)
	at java.base@21.0.6/java.util.concurrent.ThreadPoolExecutor$Worker.run(ThreadPoolExecutor.java:642)
	at java.base@21.0.6/java.lang.Thread.runWith(Thread.java:1596)
	at java.base@21.0.6/java.lang.Thread.run(Thread.java:1583)

"Download-8" daemon prio=10 Id=276 TIMED_WAITING on java.util.concurrent.SynchronousQueue$Transferer@ce631fb
	at java.base@21.0.6/jdk.internal.misc.Unsafe.park(Native Method)
	-  waiting on java.util.concurrent.SynchronousQueue$Transferer@ce631fb
	at java.base@21.0.6/java.util.concurrent.locks.LockSupport.parkNanos(LockSupport.java:410)
	at java.base@21.0.6/java.util.concurrent.LinkedTransferQueue$DualNode.await(LinkedTransferQueue.java:452)
	at java.base@21.0.6/java.util.concurrent.SynchronousQueue$Transferer.xferLifo(SynchronousQueue.java:194)
	at java.base@21.0.6/java.util.concurrent.SynchronousQueue.xfer(SynchronousQueue.java:235)
	at java.base@21.0.6/java.util.concurrent.SynchronousQueue.poll(SynchronousQueue.java:338)
	at java.base@21.0.6/java.util.concurrent.ThreadPoolExecutor.getTask(ThreadPoolExecutor.java:1069)
	at java.base@21.0.6/java.util.concurrent.ThreadPoolExecutor.runWorker(ThreadPoolExecutor.java:1130)
	at java.base@21.0.6/java.util.concurrent.ThreadPoolExecutor$Worker.run(ThreadPoolExecutor.java:642)
	at java.base@21.0.6/java.lang.Thread.runWith(Thread.java:1596)
	at java.base@21.0.6/java.lang.Thread.run(Thread.java:1583)

"Download-9" daemon prio=10 Id=277 TIMED_WAITING on java.util.concurrent.SynchronousQueue$Transferer@ce631fb
	at java.base@21.0.6/jdk.internal.misc.Unsafe.park(Native Method)
	-  waiting on java.util.concurrent.SynchronousQueue$Transferer@ce631fb
	at java.base@21.0.6/java.util.concurrent.locks.LockSupport.parkNanos(LockSupport.java:410)
	at java.base@21.0.6/java.util.concurrent.LinkedTransferQueue$DualNode.await(LinkedTransferQueue.java:452)
	at java.base@21.0.6/java.util.concurrent.SynchronousQueue$Transferer.xferLifo(SynchronousQueue.java:194)
	at java.base@21.0.6/java.util.concurrent.SynchronousQueue.xfer(SynchronousQueue.java:235)
	at java.base@21.0.6/java.util.concurrent.SynchronousQueue.poll(SynchronousQueue.java:338)
	at java.base@21.0.6/java.util.concurrent.ThreadPoolExecutor.getTask(ThreadPoolExecutor.java:1069)
	at java.base@21.0.6/java.util.concurrent.ThreadPoolExecutor.runWorker(ThreadPoolExecutor.java:1130)
	at java.base@21.0.6/java.util.concurrent.ThreadPoolExecutor$Worker.run(ThreadPoolExecutor.java:642)
	at java.base@21.0.6/java.lang.Thread.runWith(Thread.java:1596)
	at java.base@21.0.6/java.lang.Thread.run(Thread.java:1583)


